{"C:\\Users\\I514635\\job-scanner-new\\frontend-react\\src\\App.tsx": {"path":"C:\\Users\\I514635\\job-scanner-new\\frontend-react\\src\\App.tsx","all":true,"statementMap":{"0":{"start":{"line":1,"column":0},"end":{"line":1,"column":74}},"1":{"start":{"line":2,"column":0},"end":{"line":2,"column":44}},"2":{"start":{"line":3,"column":0},"end":{"line":3,"column":46}},"3":{"start":{"line":4,"column":0},"end":{"line":4,"column":49}},"4":{"start":{"line":5,"column":0},"end":{"line":5,"column":0}},"5":{"start":{"line":6,"column":0},"end":{"line":6,"column":16}},"6":{"start":{"line":7,"column":0},"end":{"line":7,"column":71}},"7":{"start":{"line":8,"column":0},"end":{"line":8,"column":0}},"8":{"start":{"line":9,"column":0},"end":{"line":9,"column":10}},"9":{"start":{"line":10,"column":0},"end":{"line":10,"column":19}},"10":{"start":{"line":11,"column":0},"end":{"line":11,"column":14}},"11":{"start":{"line":12,"column":0},"end":{"line":12,"column":14}},"12":{"start":{"line":13,"column":0},"end":{"line":13,"column":23}},"13":{"start":{"line":14,"column":0},"end":{"line":14,"column":74}},"14":{"start":{"line":15,"column":0},"end":{"line":15,"column":10}},"15":{"start":{"line":16,"column":0},"end":{"line":16,"column":14}},"16":{"start":{"line":17,"column":0},"end":{"line":17,"column":18}},"17":{"start":{"line":18,"column":0},"end":{"line":18,"column":77}},"18":{"start":{"line":19,"column":0},"end":{"line":19,"column":10}},"19":{"start":{"line":20,"column":0},"end":{"line":20,"column":56}},"20":{"start":{"line":21,"column":0},"end":{"line":21,"column":15}},"21":{"start":{"line":22,"column":0},"end":{"line":22,"column":20}},"22":{"start":{"line":23,"column":0},"end":{"line":23,"column":4}},"23":{"start":{"line":24,"column":0},"end":{"line":24,"column":1}},"24":{"start":{"line":25,"column":0},"end":{"line":25,"column":0}},"25":{"start":{"line":26,"column":0},"end":{"line":26,"column":19}}},"s":{"0":0,"1":0,"2":0,"3":0,"4":0,"5":0,"6":0,"7":0,"8":0,"9":0,"10":0,"11":0,"12":0,"13":0,"14":0,"15":0,"16":0,"17":0,"18":0,"19":0,"20":0,"21":0,"22":0,"23":0,"24":0,"25":0},"branchMap":{"0":{"type":"branch","line":1,"loc":{"start":{"line":1,"column":0},"end":{"line":26,"column":-386}},"locations":[{"start":{"line":1,"column":0},"end":{"line":26,"column":-386}}]}},"b":{"0":[0]},"fnMap":{"0":{"name":"(empty-report)","decl":{"start":{"line":1,"column":0},"end":{"line":26,"column":-386}},"loc":{"start":{"line":1,"column":0},"end":{"line":26,"column":-386}},"line":1}},"f":{"0":0}}
,"C:\\Users\\I514635\\job-scanner-new\\frontend-react\\src\\api\\auth.api.ts": {"path":"C:\\Users\\I514635\\job-scanner-new\\frontend-react\\src\\api\\auth.api.ts","all":false,"statementMap":{"0":{"start":{"line":1,"column":0},"end":{"line":1,"column":33}},"1":{"start":{"line":2,"column":0},"end":{"line":2,"column":103}},"2":{"start":{"line":3,"column":0},"end":{"line":3,"column":0}},"3":{"start":{"line":4,"column":0},"end":{"line":4,"column":24}},"4":{"start":{"line":5,"column":0},"end":{"line":5,"column":10}},"5":{"start":{"line":6,"column":0},"end":{"line":6,"column":71}},"6":{"start":{"line":7,"column":0},"end":{"line":7,"column":98}},"7":{"start":{"line":8,"column":0},"end":{"line":8,"column":25}},"8":{"start":{"line":9,"column":0},"end":{"line":9,"column":38}},"9":{"start":{"line":10,"column":0},"end":{"line":10,"column":5}},"10":{"start":{"line":11,"column":0},"end":{"line":11,"column":25}},"11":{"start":{"line":12,"column":0},"end":{"line":12,"column":4}},"12":{"start":{"line":13,"column":0},"end":{"line":13,"column":0}},"13":{"start":{"line":14,"column":0},"end":{"line":14,"column":11}},"14":{"start":{"line":15,"column":0},"end":{"line":15,"column":38}},"15":{"start":{"line":16,"column":0},"end":{"line":16,"column":41}},"16":{"start":{"line":17,"column":0},"end":{"line":17,"column":4}},"17":{"start":{"line":18,"column":0},"end":{"line":18,"column":0}},"18":{"start":{"line":19,"column":0},"end":{"line":19,"column":18}},"19":{"start":{"line":20,"column":0},"end":{"line":20,"column":92}},"20":{"start":{"line":21,"column":0},"end":{"line":21,"column":107}},"21":{"start":{"line":22,"column":0},"end":{"line":22,"column":25}},"22":{"start":{"line":23,"column":0},"end":{"line":23,"column":46}},"23":{"start":{"line":24,"column":0},"end":{"line":24,"column":5}},"24":{"start":{"line":25,"column":0},"end":{"line":25,"column":25}},"25":{"start":{"line":26,"column":0},"end":{"line":26,"column":4}},"26":{"start":{"line":27,"column":0},"end":{"line":27,"column":0}},"27":{"start":{"line":28,"column":0},"end":{"line":28,"column":21}},"28":{"start":{"line":29,"column":0},"end":{"line":29,"column":45}},"29":{"start":{"line":30,"column":0},"end":{"line":30,"column":71}},"30":{"start":{"line":31,"column":0},"end":{"line":31,"column":25}},"31":{"start":{"line":32,"column":0},"end":{"line":32,"column":4}},"32":{"start":{"line":33,"column":0},"end":{"line":33,"column":2}}},"s":{"0":1,"1":1,"2":1,"3":1,"4":1,"5":1,"6":12,"7":10,"8":1,"9":1,"10":7,"11":12,"12":1,"13":1,"14":1,"15":4,"16":4,"17":1,"18":1,"19":1,"20":2,"21":2,"22":1,"23":1,"24":1,"25":2,"26":1,"27":1,"28":1,"29":2,"30":2,"31":2,"32":1},"branchMap":{"0":{"type":"branch","line":6,"loc":{"start":{"line":6,"column":9},"end":{"line":12,"column":4}},"locations":[{"start":{"line":6,"column":9},"end":{"line":12,"column":4}}]},"1":{"type":"branch","line":7,"loc":{"start":{"line":7,"column":96},"end":{"line":11,"column":25}},"locations":[{"start":{"line":7,"column":96},"end":{"line":11,"column":25}}]},"2":{"type":"branch","line":7,"loc":{"start":{"line":7,"column":96},"end":{"line":8,"column":24}},"locations":[{"start":{"line":7,"column":96},"end":{"line":8,"column":24}}]},"3":{"type":"branch","line":8,"loc":{"start":{"line":8,"column":24},"end":{"line":10,"column":5}},"locations":[{"start":{"line":8,"column":24},"end":{"line":10,"column":5}}]},"4":{"type":"branch","line":10,"loc":{"start":{"line":10,"column":4},"end":{"line":11,"column":25}},"locations":[{"start":{"line":10,"column":4},"end":{"line":11,"column":25}}]},"5":{"type":"branch","line":15,"loc":{"start":{"line":15,"column":10},"end":{"line":17,"column":4}},"locations":[{"start":{"line":15,"column":10},"end":{"line":17,"column":4}}]},"6":{"type":"branch","line":16,"loc":{"start":{"line":16,"column":39},"end":{"line":16,"column":41}},"locations":[{"start":{"line":16,"column":39},"end":{"line":16,"column":41}}]},"7":{"type":"branch","line":20,"loc":{"start":{"line":20,"column":16},"end":{"line":26,"column":4}},"locations":[{"start":{"line":20,"column":16},"end":{"line":26,"column":4}}]},"8":{"type":"branch","line":22,"loc":{"start":{"line":22,"column":24},"end":{"line":25,"column":25}},"locations":[{"start":{"line":22,"column":24},"end":{"line":25,"column":25}}]},"9":{"type":"branch","line":29,"loc":{"start":{"line":29,"column":18},"end":{"line":32,"column":4}},"locations":[{"start":{"line":29,"column":18},"end":{"line":32,"column":4}}]}},"b":{"0":[12],"1":[10],"2":[8],"3":[1],"4":[7],"5":[4],"6":[3],"7":[2],"8":[1],"9":[2]},"fnMap":{"0":{"name":"login","decl":{"start":{"line":6,"column":9},"end":{"line":12,"column":4}},"loc":{"start":{"line":6,"column":9},"end":{"line":12,"column":4}},"line":6},"1":{"name":"logout","decl":{"start":{"line":15,"column":10},"end":{"line":17,"column":4}},"loc":{"start":{"line":15,"column":10},"end":{"line":17,"column":4}},"line":15},"2":{"name":"refreshToken","decl":{"start":{"line":20,"column":16},"end":{"line":26,"column":4}},"loc":{"start":{"line":20,"column":16},"end":{"line":26,"column":4}},"line":20},"3":{"name":"getCurrentUser","decl":{"start":{"line":29,"column":18},"end":{"line":32,"column":4}},"loc":{"start":{"line":29,"column":18},"end":{"line":32,"column":4}},"line":29}},"f":{"0":12,"1":4,"2":2,"3":2}}
,"C:\\Users\\I514635\\job-scanner-new\\frontend-react\\src\\api\\client.ts": {"path":"C:\\Users\\I514635\\job-scanner-new\\frontend-react\\src\\api\\client.ts","all":false,"statementMap":{"0":{"start":{"line":1,"column":0},"end":{"line":1,"column":70}},"1":{"start":{"line":2,"column":0},"end":{"line":2,"column":53}},"2":{"start":{"line":3,"column":0},"end":{"line":3,"column":0}},"3":{"start":{"line":4,"column":0},"end":{"line":4,"column":62}},"4":{"start":{"line":5,"column":0},"end":{"line":5,"column":37}},"5":{"start":{"line":6,"column":0},"end":{"line":6,"column":44}},"6":{"start":{"line":7,"column":0},"end":{"line":7,"column":0}},"7":{"start":{"line":8,"column":0},"end":{"line":8,"column":75}},"8":{"start":{"line":9,"column":0},"end":{"line":9,"column":35}},"9":{"start":{"line":10,"column":0},"end":{"line":10,"column":60}},"10":{"start":{"line":11,"column":0},"end":{"line":11,"column":18}},"11":{"start":{"line":12,"column":0},"end":{"line":12,"column":3}},"12":{"start":{"line":13,"column":0},"end":{"line":13,"column":0}},"13":{"start":{"line":14,"column":0},"end":{"line":14,"column":47}},"14":{"start":{"line":15,"column":0},"end":{"line":15,"column":74}},"15":{"start":{"line":16,"column":0},"end":{"line":16,"column":2}},"16":{"start":{"line":17,"column":0},"end":{"line":17,"column":0}},"17":{"start":{"line":18,"column":0},"end":{"line":18,"column":39}},"18":{"start":{"line":19,"column":0},"end":{"line":19,"column":27}},"19":{"start":{"line":20,"column":0},"end":{"line":20,"column":17}},"20":{"start":{"line":21,"column":0},"end":{"line":21,"column":12}},"21":{"start":{"line":22,"column":0},"end":{"line":22,"column":39}},"22":{"start":{"line":23,"column":0},"end":{"line":23,"column":4}},"23":{"start":{"line":24,"column":0},"end":{"line":24,"column":3}},"24":{"start":{"line":25,"column":0},"end":{"line":25,"column":0}},"25":{"start":{"line":26,"column":0},"end":{"line":26,"column":39}},"26":{"start":{"line":27,"column":0},"end":{"line":27,"column":35}},"27":{"start":{"line":28,"column":0},"end":{"line":28,"column":43}},"28":{"start":{"line":29,"column":0},"end":{"line":29,"column":55}},"29":{"start":{"line":30,"column":0},"end":{"line":30,"column":34}},"30":{"start":{"line":31,"column":0},"end":{"line":31,"column":55}},"31":{"start":{"line":32,"column":0},"end":{"line":32,"column":5}},"32":{"start":{"line":33,"column":0},"end":{"line":33,"column":18}},"33":{"start":{"line":34,"column":0},"end":{"line":34,"column":4}},"34":{"start":{"line":35,"column":0},"end":{"line":35,"column":14}},"35":{"start":{"line":36,"column":0},"end":{"line":36,"column":33}},"36":{"start":{"line":37,"column":0},"end":{"line":37,"column":3}},"37":{"start":{"line":38,"column":0},"end":{"line":38,"column":2}},"38":{"start":{"line":39,"column":0},"end":{"line":39,"column":0}},"39":{"start":{"line":40,"column":0},"end":{"line":40,"column":55}},"40":{"start":{"line":41,"column":0},"end":{"line":41,"column":36}},"41":{"start":{"line":42,"column":0},"end":{"line":42,"column":17}},"42":{"start":{"line":43,"column":0},"end":{"line":43,"column":53}},"43":{"start":{"line":44,"column":0},"end":{"line":44,"column":25}},"44":{"start":{"line":45,"column":0},"end":{"line":45,"column":4}},"45":{"start":{"line":46,"column":0},"end":{"line":46,"column":45}},"46":{"start":{"line":47,"column":0},"end":{"line":47,"column":41}},"47":{"start":{"line":48,"column":0},"end":{"line":48,"column":0}},"48":{"start":{"line":49,"column":0},"end":{"line":49,"column":53}},"49":{"start":{"line":50,"column":0},"end":{"line":50,"column":57}},"50":{"start":{"line":51,"column":0},"end":{"line":51,"column":122}},"51":{"start":{"line":52,"column":0},"end":{"line":52,"column":79}},"52":{"start":{"line":53,"column":0},"end":{"line":53,"column":11}},"53":{"start":{"line":54,"column":0},"end":{"line":54,"column":67}},"54":{"start":{"line":55,"column":0},"end":{"line":55,"column":28}},"55":{"start":{"line":56,"column":0},"end":{"line":56,"column":46}},"56":{"start":{"line":57,"column":0},"end":{"line":57,"column":9}},"57":{"start":{"line":58,"column":0},"end":{"line":58,"column":0}},"58":{"start":{"line":59,"column":0},"end":{"line":59,"column":42}},"59":{"start":{"line":60,"column":0},"end":{"line":60,"column":81}},"60":{"start":{"line":61,"column":0},"end":{"line":61,"column":44}},"61":{"start":{"line":62,"column":0},"end":{"line":62,"column":41}},"62":{"start":{"line":63,"column":0},"end":{"line":63,"column":10}},"63":{"start":{"line":64,"column":0},"end":{"line":64,"column":0}},"64":{"start":{"line":65,"column":0},"end":{"line":65,"column":58}},"65":{"start":{"line":66,"column":0},"end":{"line":66,"column":54}},"66":{"start":{"line":67,"column":0},"end":{"line":67,"column":61}},"67":{"start":{"line":68,"column":0},"end":{"line":68,"column":0}},"68":{"start":{"line":69,"column":0},"end":{"line":69,"column":54}},"69":{"start":{"line":70,"column":0},"end":{"line":70,"column":40}},"70":{"start":{"line":71,"column":0},"end":{"line":71,"column":77}},"71":{"start":{"line":72,"column":0},"end":{"line":72,"column":11}},"72":{"start":{"line":73,"column":0},"end":{"line":73,"column":44}},"73":{"start":{"line":74,"column":0},"end":{"line":74,"column":9}},"74":{"start":{"line":75,"column":0},"end":{"line":75,"column":30}},"75":{"start":{"line":76,"column":0},"end":{"line":76,"column":39}},"76":{"start":{"line":77,"column":0},"end":{"line":77,"column":48}},"77":{"start":{"line":78,"column":0},"end":{"line":78,"column":49}},"78":{"start":{"line":79,"column":0},"end":{"line":79,"column":40}},"79":{"start":{"line":80,"column":0},"end":{"line":80,"column":44}},"80":{"start":{"line":81,"column":0},"end":{"line":81,"column":7}},"81":{"start":{"line":82,"column":0},"end":{"line":82,"column":5}},"82":{"start":{"line":83,"column":0},"end":{"line":83,"column":0}},"83":{"start":{"line":84,"column":0},"end":{"line":84,"column":30}},"84":{"start":{"line":85,"column":0},"end":{"line":85,"column":35}},"85":{"start":{"line":86,"column":0},"end":{"line":86,"column":21}},"86":{"start":{"line":87,"column":0},"end":{"line":87,"column":82}},"87":{"start":{"line":88,"column":0},"end":{"line":88,"column":95}},"88":{"start":{"line":89,"column":0},"end":{"line":89,"column":55}},"89":{"start":{"line":90,"column":0},"end":{"line":90,"column":41}},"90":{"start":{"line":91,"column":0},"end":{"line":91,"column":6}},"91":{"start":{"line":92,"column":0},"end":{"line":92,"column":0}},"92":{"start":{"line":93,"column":0},"end":{"line":93,"column":36}},"93":{"start":{"line":94,"column":0},"end":{"line":94,"column":3}},"94":{"start":{"line":95,"column":0},"end":{"line":95,"column":2}},"95":{"start":{"line":96,"column":0},"end":{"line":96,"column":0}},"96":{"start":{"line":97,"column":0},"end":{"line":97,"column":25}}},"s":{"0":1,"1":1,"2":1,"3":1,"4":1,"5":7,"6":7,"7":7,"8":7,"9":7,"10":0,"11":0,"12":7,"13":7,"14":7,"15":7,"16":1,"17":1,"18":1,"19":1,"20":1,"21":1,"22":1,"23":1,"24":1,"25":1,"26":1,"27":1,"28":22,"29":22,"30":5,"31":5,"32":22,"33":22,"34":1,"35":0,"36":0,"37":1,"38":1,"39":1,"40":1,"41":1,"42":12,"43":12,"44":12,"45":1,"46":10,"47":10,"48":10,"49":10,"50":10,"51":10,"52":3,"53":3,"54":3,"55":1,"56":1,"57":2,"58":2,"59":2,"60":2,"61":2,"62":2,"63":1,"64":3,"65":1,"66":1,"67":1,"68":1,"69":1,"70":1,"71":1,"72":1,"73":1,"74":3,"75":2,"76":2,"77":2,"78":2,"79":2,"80":2,"81":3,"82":7,"83":7,"84":7,"85":7,"86":10,"87":10,"88":10,"89":10,"90":10,"91":10,"92":10,"93":10,"94":1,"95":1,"96":1},"branchMap":{"0":{"type":"branch","line":5,"loc":{"start":{"line":5,"column":22},"end":{"line":16,"column":2}},"locations":[{"start":{"line":5,"column":22},"end":{"line":16,"column":2}}]},"1":{"type":"branch","line":10,"loc":{"start":{"line":10,"column":59},"end":{"line":12,"column":3}},"locations":[{"start":{"line":10,"column":59},"end":{"line":12,"column":3}}]},"2":{"type":"branch","line":15,"loc":{"start":{"line":15,"column":25},"end":{"line":15,"column":74}},"locations":[{"start":{"line":15,"column":25},"end":{"line":15,"column":74}}]},"3":{"type":"branch","line":28,"loc":{"start":{"line":28,"column":2},"end":{"line":34,"column":4}},"locations":[{"start":{"line":28,"column":2},"end":{"line":34,"column":4}}]},"4":{"type":"branch","line":30,"loc":{"start":{"line":30,"column":8},"end":{"line":30,"column":33}},"locations":[{"start":{"line":30,"column":8},"end":{"line":30,"column":33}}]},"5":{"type":"branch","line":30,"loc":{"start":{"line":30,"column":33},"end":{"line":32,"column":5}},"locations":[{"start":{"line":30,"column":33},"end":{"line":32,"column":5}}]},"6":{"type":"branch","line":42,"loc":{"start":{"line":42,"column":2},"end":{"line":45,"column":4}},"locations":[{"start":{"line":42,"column":2},"end":{"line":45,"column":4}}]},"7":{"type":"branch","line":46,"loc":{"start":{"line":46,"column":2},"end":{"line":94,"column":3}},"locations":[{"start":{"line":46,"column":2},"end":{"line":94,"column":3}}]},"8":{"type":"branch","line":51,"loc":{"start":{"line":51,"column":70},"end":{"line":51,"column":122}},"locations":[{"start":{"line":51,"column":70},"end":{"line":51,"column":122}}]},"9":{"type":"branch","line":52,"loc":{"start":{"line":52,"column":14},"end":{"line":52,"column":35}},"locations":[{"start":{"line":52,"column":14},"end":{"line":52,"column":35}}]},"10":{"type":"branch","line":52,"loc":{"start":{"line":52,"column":35},"end":{"line":52,"column":61}},"locations":[{"start":{"line":52,"column":35},"end":{"line":52,"column":61}}]},"11":{"type":"branch","line":52,"loc":{"start":{"line":52,"column":42},"end":{"line":52,"column":78}},"locations":[{"start":{"line":52,"column":42},"end":{"line":52,"column":78}}]},"12":{"type":"branch","line":52,"loc":{"start":{"line":52,"column":78},"end":{"line":82,"column":5}},"locations":[{"start":{"line":52,"column":78},"end":{"line":82,"column":5}}]},"13":{"type":"branch","line":55,"loc":{"start":{"line":55,"column":27},"end":{"line":57,"column":9}},"locations":[{"start":{"line":55,"column":27},"end":{"line":57,"column":9}}]},"14":{"type":"branch","line":57,"loc":{"start":{"line":57,"column":8},"end":{"line":63,"column":10}},"locations":[{"start":{"line":57,"column":8},"end":{"line":63,"column":10}}]},"15":{"type":"branch","line":63,"loc":{"start":{"line":63,"column":8},"end":{"line":65,"column":57}},"locations":[{"start":{"line":63,"column":8},"end":{"line":65,"column":57}}]},"16":{"type":"branch","line":65,"loc":{"start":{"line":65,"column":57},"end":{"line":74,"column":9}},"locations":[{"start":{"line":65,"column":57},"end":{"line":74,"column":9}}]},"17":{"type":"branch","line":75,"loc":{"start":{"line":75,"column":6},"end":{"line":81,"column":7}},"locations":[{"start":{"line":75,"column":6},"end":{"line":81,"column":7}}]},"18":{"type":"branch","line":82,"loc":{"start":{"line":82,"column":4},"end":{"line":87,"column":33}},"locations":[{"start":{"line":82,"column":4},"end":{"line":87,"column":33}}]},"19":{"type":"branch","line":87,"loc":{"start":{"line":87,"column":23},"end":{"line":87,"column":52}},"locations":[{"start":{"line":87,"column":23},"end":{"line":87,"column":52}}]},"20":{"type":"branch","line":87,"loc":{"start":{"line":87,"column":39},"end":{"line":87,"column":78}},"locations":[{"start":{"line":87,"column":39},"end":{"line":87,"column":78}}]},"21":{"type":"branch","line":87,"loc":{"start":{"line":87,"column":58},"end":{"line":87,"column":78}},"locations":[{"start":{"line":87,"column":58},"end":{"line":87,"column":78}}]},"22":{"type":"branch","line":87,"loc":{"start":{"line":87,"column":68},"end":{"line":87,"column":82}},"locations":[{"start":{"line":87,"column":68},"end":{"line":87,"column":82}}]},"23":{"type":"branch","line":88,"loc":{"start":{"line":88,"column":26},"end":{"line":88,"column":58}},"locations":[{"start":{"line":88,"column":26},"end":{"line":88,"column":58}}]},"24":{"type":"branch","line":88,"loc":{"start":{"line":88,"column":42},"end":{"line":88,"column":75}},"locations":[{"start":{"line":88,"column":42},"end":{"line":88,"column":75}}]},"25":{"type":"branch","line":88,"loc":{"start":{"line":88,"column":64},"end":{"line":88,"column":95}},"locations":[{"start":{"line":88,"column":64},"end":{"line":88,"column":95}}]},"26":{"type":"branch","line":89,"loc":{"start":{"line":89,"column":26},"end":{"line":89,"column":55}},"locations":[{"start":{"line":89,"column":26},"end":{"line":89,"column":55}}]},"27":{"type":"branch","line":90,"loc":{"start":{"line":90,"column":24},"end":{"line":90,"column":41}},"locations":[{"start":{"line":90,"column":24},"end":{"line":90,"column":41}}]}},"b":{"0":[7],"1":[0],"2":[0],"3":[22],"4":[5],"5":[5],"6":[12],"7":[10],"8":[6],"9":[9],"10":[8],"11":[8],"12":[3],"13":[1],"14":[2],"15":[1],"16":[1],"17":[2],"18":[7],"19":[6],"20":[6],"21":[5],"22":[1],"23":[6],"24":[1],"25":[0],"26":[6],"27":[6]},"fnMap":{"0":{"name":"getApiBaseUrl","decl":{"start":{"line":5,"column":22},"end":{"line":16,"column":2}},"loc":{"start":{"line":5,"column":22},"end":{"line":16,"column":2}},"line":5},"1":{"name":"apiClient.interceptors.response.use.originalRequest","decl":{"start":{"line":42,"column":2},"end":{"line":45,"column":4}},"loc":{"start":{"line":42,"column":2},"end":{"line":45,"column":4}},"line":42}},"f":{"0":7,"1":12}}
,"C:\\Users\\I514635\\job-scanner-new\\frontend-react\\src\\api\\jobs.api.ts": {"path":"C:\\Users\\I514635\\job-scanner-new\\frontend-react\\src\\api\\jobs.api.ts","all":false,"statementMap":{"0":{"start":{"line":1,"column":0},"end":{"line":1,"column":33}},"1":{"start":{"line":2,"column":0},"end":{"line":2,"column":53}},"2":{"start":{"line":3,"column":0},"end":{"line":3,"column":74}},"3":{"start":{"line":4,"column":0},"end":{"line":4,"column":0}},"4":{"start":{"line":5,"column":0},"end":{"line":5,"column":24}},"5":{"start":{"line":6,"column":0},"end":{"line":6,"column":17}},"6":{"start":{"line":7,"column":0},"end":{"line":7,"column":43}},"7":{"start":{"line":8,"column":0},"end":{"line":8,"column":74}},"8":{"start":{"line":9,"column":0},"end":{"line":9,"column":31}},"9":{"start":{"line":10,"column":0},"end":{"line":10,"column":4}},"10":{"start":{"line":11,"column":0},"end":{"line":11,"column":0}},"11":{"start":{"line":12,"column":0},"end":{"line":12,"column":25}},"12":{"start":{"line":13,"column":0},"end":{"line":13,"column":46}},"13":{"start":{"line":14,"column":0},"end":{"line":14,"column":77}},"14":{"start":{"line":15,"column":0},"end":{"line":15,"column":31}},"15":{"start":{"line":16,"column":0},"end":{"line":16,"column":4}},"16":{"start":{"line":17,"column":0},"end":{"line":17,"column":0}},"17":{"start":{"line":18,"column":0},"end":{"line":18,"column":30}},"18":{"start":{"line":19,"column":0},"end":{"line":19,"column":62}},"19":{"start":{"line":20,"column":0},"end":{"line":20,"column":89}},"20":{"start":{"line":21,"column":0},"end":{"line":21,"column":33}},"21":{"start":{"line":22,"column":0},"end":{"line":22,"column":33}},"22":{"start":{"line":23,"column":0},"end":{"line":23,"column":30}},"23":{"start":{"line":24,"column":0},"end":{"line":24,"column":7}},"24":{"start":{"line":25,"column":0},"end":{"line":25,"column":37}},"25":{"start":{"line":26,"column":0},"end":{"line":26,"column":4}},"26":{"start":{"line":27,"column":0},"end":{"line":27,"column":0}},"27":{"start":{"line":28,"column":0},"end":{"line":28,"column":22}},"28":{"start":{"line":29,"column":0},"end":{"line":29,"column":58}},"29":{"start":{"line":30,"column":0},"end":{"line":30,"column":94}},"30":{"start":{"line":31,"column":0},"end":{"line":31,"column":76}},"31":{"start":{"line":32,"column":0},"end":{"line":32,"column":4}},"32":{"start":{"line":33,"column":0},"end":{"line":33,"column":0}},"33":{"start":{"line":34,"column":0},"end":{"line":34,"column":22}},"34":{"start":{"line":35,"column":0},"end":{"line":35,"column":108}},"35":{"start":{"line":36,"column":0},"end":{"line":36,"column":71}},"36":{"start":{"line":37,"column":0},"end":{"line":37,"column":13}},"37":{"start":{"line":38,"column":0},"end":{"line":38,"column":14}},"38":{"start":{"line":39,"column":0},"end":{"line":39,"column":7}},"39":{"start":{"line":40,"column":0},"end":{"line":40,"column":4}},"40":{"start":{"line":41,"column":0},"end":{"line":41,"column":0}},"41":{"start":{"line":42,"column":0},"end":{"line":42,"column":18}},"42":{"start":{"line":43,"column":0},"end":{"line":43,"column":26}},"43":{"start":{"line":44,"column":0},"end":{"line":44,"column":70}},"44":{"start":{"line":45,"column":0},"end":{"line":45,"column":4}},"45":{"start":{"line":46,"column":0},"end":{"line":46,"column":2}}},"s":{"0":1,"1":1,"2":1,"3":1,"4":1,"5":1,"6":1,"7":2,"8":2,"9":2,"10":1,"11":1,"12":1,"13":2,"14":2,"15":2,"16":1,"17":1,"18":1,"19":2,"20":2,"21":2,"22":2,"23":2,"24":2,"25":2,"26":1,"27":1,"28":1,"29":2,"30":2,"31":2,"32":1,"33":1,"34":1,"35":2,"36":2,"37":2,"38":2,"39":2,"40":1,"41":1,"42":1,"43":1,"44":1,"45":1},"branchMap":{"0":{"type":"branch","line":7,"loc":{"start":{"line":7,"column":14},"end":{"line":10,"column":4}},"locations":[{"start":{"line":7,"column":14},"end":{"line":10,"column":4}}]},"1":{"type":"branch","line":9,"loc":{"start":{"line":9,"column":20},"end":{"line":9,"column":31}},"locations":[{"start":{"line":9,"column":20},"end":{"line":9,"column":31}}]},"2":{"type":"branch","line":13,"loc":{"start":{"line":13,"column":17},"end":{"line":16,"column":4}},"locations":[{"start":{"line":13,"column":17},"end":{"line":16,"column":4}}]},"3":{"type":"branch","line":15,"loc":{"start":{"line":15,"column":20},"end":{"line":15,"column":31}},"locations":[{"start":{"line":15,"column":20},"end":{"line":15,"column":31}}]},"4":{"type":"branch","line":19,"loc":{"start":{"line":19,"column":14},"end":{"line":26,"column":4}},"locations":[{"start":{"line":19,"column":14},"end":{"line":26,"column":4}}]},"5":{"type":"branch","line":25,"loc":{"start":{"line":25,"column":20},"end":{"line":25,"column":34}},"locations":[{"start":{"line":25,"column":20},"end":{"line":25,"column":34}}]},"6":{"type":"branch","line":25,"loc":{"start":{"line":25,"column":26},"end":{"line":25,"column":37}},"locations":[{"start":{"line":25,"column":26},"end":{"line":25,"column":37}}]},"7":{"type":"branch","line":29,"loc":{"start":{"line":29,"column":19},"end":{"line":32,"column":4}},"locations":[{"start":{"line":29,"column":19},"end":{"line":32,"column":4}}]},"8":{"type":"branch","line":31,"loc":{"start":{"line":31,"column":20},"end":{"line":31,"column":76}},"locations":[{"start":{"line":31,"column":20},"end":{"line":31,"column":76}}]},"9":{"type":"branch","line":35,"loc":{"start":{"line":35,"column":19},"end":{"line":40,"column":4}},"locations":[{"start":{"line":35,"column":19},"end":{"line":40,"column":4}}]},"10":{"type":"branch","line":43,"loc":{"start":{"line":43,"column":13},"end":{"line":45,"column":4}},"locations":[{"start":{"line":43,"column":13},"end":{"line":45,"column":4}}]}},"b":{"0":[2],"1":[1],"2":[2],"3":[1],"4":[2],"5":[1],"6":[1],"7":[2],"8":[1],"9":[2],"10":[1]},"fnMap":{"0":{"name":"getAllJobs","decl":{"start":{"line":7,"column":14},"end":{"line":10,"column":4}},"loc":{"start":{"line":7,"column":14},"end":{"line":10,"column":4}},"line":7},"1":{"name":"getLatestJobs","decl":{"start":{"line":13,"column":17},"end":{"line":16,"column":4}},"loc":{"start":{"line":13,"column":17},"end":{"line":16,"column":4}},"line":13},"2":{"name":"filterJobs","decl":{"start":{"line":19,"column":14},"end":{"line":26,"column":4}},"loc":{"start":{"line":19,"column":14},"end":{"line":26,"column":4}},"line":19},"3":{"name":"getStatusCounts","decl":{"start":{"line":29,"column":19},"end":{"line":32,"column":4}},"loc":{"start":{"line":29,"column":19},"end":{"line":32,"column":4}},"line":29},"4":{"name":"updateJobStatus","decl":{"start":{"line":35,"column":19},"end":{"line":40,"column":4}},"loc":{"start":{"line":35,"column":19},"end":{"line":40,"column":4}},"line":35},"5":{"name":"exportCSV","decl":{"start":{"line":43,"column":13},"end":{"line":45,"column":4}},"loc":{"start":{"line":43,"column":13},"end":{"line":45,"column":4}},"line":43}},"f":{"0":2,"1":2,"2":2,"3":2,"4":2,"5":1}}
,"C:\\Users\\I514635\\job-scanner-new\\frontend-react\\src\\api\\scan.api.ts": {"path":"C:\\Users\\I514635\\job-scanner-new\\frontend-react\\src\\api\\scan.api.ts","all":false,"statementMap":{"0":{"start":{"line":1,"column":0},"end":{"line":1,"column":33}},"1":{"start":{"line":2,"column":0},"end":{"line":2,"column":53}},"2":{"start":{"line":3,"column":0},"end":{"line":3,"column":67}},"3":{"start":{"line":4,"column":0},"end":{"line":4,"column":0}},"4":{"start":{"line":5,"column":0},"end":{"line":5,"column":24}},"5":{"start":{"line":6,"column":0},"end":{"line":6,"column":21}},"6":{"start":{"line":7,"column":0},"end":{"line":7,"column":47}},"7":{"start":{"line":8,"column":0},"end":{"line":8,"column":76}},"8":{"start":{"line":9,"column":0},"end":{"line":9,"column":25}},"9":{"start":{"line":10,"column":0},"end":{"line":10,"column":46}},"10":{"start":{"line":11,"column":0},"end":{"line":11,"column":5}},"11":{"start":{"line":12,"column":0},"end":{"line":12,"column":25}},"12":{"start":{"line":13,"column":0},"end":{"line":13,"column":4}},"13":{"start":{"line":14,"column":0},"end":{"line":14,"column":0}},"14":{"start":{"line":15,"column":0},"end":{"line":15,"column":22}},"15":{"start":{"line":16,"column":0},"end":{"line":16,"column":40}},"16":{"start":{"line":17,"column":0},"end":{"line":17,"column":39}},"17":{"start":{"line":18,"column":0},"end":{"line":18,"column":4}},"18":{"start":{"line":19,"column":0},"end":{"line":19,"column":0}},"19":{"start":{"line":20,"column":0},"end":{"line":20,"column":20}},"20":{"start":{"line":21,"column":0},"end":{"line":21,"column":44}},"21":{"start":{"line":22,"column":0},"end":{"line":22,"column":75}},"22":{"start":{"line":23,"column":0},"end":{"line":23,"column":25}},"23":{"start":{"line":24,"column":0},"end":{"line":24,"column":4}},"24":{"start":{"line":25,"column":0},"end":{"line":25,"column":0}},"25":{"start":{"line":26,"column":0},"end":{"line":26,"column":36}},"26":{"start":{"line":27,"column":0},"end":{"line":27,"column":55}},"27":{"start":{"line":28,"column":0},"end":{"line":28,"column":86}},"28":{"start":{"line":29,"column":0},"end":{"line":29,"column":25}},"29":{"start":{"line":30,"column":0},"end":{"line":30,"column":42}},"30":{"start":{"line":31,"column":0},"end":{"line":31,"column":5}},"31":{"start":{"line":32,"column":0},"end":{"line":32,"column":25}},"32":{"start":{"line":33,"column":0},"end":{"line":33,"column":4}},"33":{"start":{"line":34,"column":0},"end":{"line":34,"column":2}}},"s":{"0":1,"1":1,"2":1,"3":1,"4":1,"5":1,"6":1,"7":2,"8":2,"9":1,"10":1,"11":1,"12":2,"13":1,"14":1,"15":1,"16":1,"17":1,"18":1,"19":1,"20":1,"21":2,"22":2,"23":2,"24":1,"25":1,"26":1,"27":2,"28":2,"29":1,"30":1,"31":1,"32":2,"33":1},"branchMap":{"0":{"type":"branch","line":7,"loc":{"start":{"line":7,"column":13},"end":{"line":13,"column":4}},"locations":[{"start":{"line":7,"column":13},"end":{"line":13,"column":4}}]},"1":{"type":"branch","line":9,"loc":{"start":{"line":9,"column":24},"end":{"line":12,"column":25}},"locations":[{"start":{"line":9,"column":24},"end":{"line":12,"column":25}}]},"2":{"type":"branch","line":16,"loc":{"start":{"line":16,"column":12},"end":{"line":18,"column":4}},"locations":[{"start":{"line":16,"column":12},"end":{"line":18,"column":4}}]},"3":{"type":"branch","line":21,"loc":{"start":{"line":21,"column":17},"end":{"line":24,"column":4}},"locations":[{"start":{"line":21,"column":17},"end":{"line":24,"column":4}}]},"4":{"type":"branch","line":27,"loc":{"start":{"line":27,"column":19},"end":{"line":33,"column":4}},"locations":[{"start":{"line":27,"column":19},"end":{"line":33,"column":4}}]},"5":{"type":"branch","line":29,"loc":{"start":{"line":29,"column":24},"end":{"line":32,"column":25}},"locations":[{"start":{"line":29,"column":24},"end":{"line":32,"column":25}}]}},"b":{"0":[2],"1":[1],"2":[1],"3":[2],"4":[2],"5":[1]},"fnMap":{"0":{"name":"startScan","decl":{"start":{"line":7,"column":13},"end":{"line":13,"column":4}},"loc":{"start":{"line":7,"column":13},"end":{"line":13,"column":4}},"line":7},"1":{"name":"stopScan","decl":{"start":{"line":16,"column":12},"end":{"line":18,"column":4}},"loc":{"start":{"line":16,"column":12},"end":{"line":18,"column":4}},"line":16},"2":{"name":"getScanStatus","decl":{"start":{"line":21,"column":17},"end":{"line":24,"column":4}},"loc":{"start":{"line":21,"column":17},"end":{"line":24,"column":4}},"line":21},"3":{"name":"getScanProgress","decl":{"start":{"line":27,"column":19},"end":{"line":33,"column":4}},"loc":{"start":{"line":27,"column":19},"end":{"line":33,"column":4}},"line":27}},"f":{"0":2,"1":1,"2":2,"3":2}}
,"C:\\Users\\I514635\\job-scanner-new\\frontend-react\\src\\components\\layout\\Header.tsx": {"path":"C:\\Users\\I514635\\job-scanner-new\\frontend-react\\src\\components\\layout\\Header.tsx","all":false,"statementMap":{"0":{"start":{"line":1,"column":0},"end":{"line":1,"column":49}},"1":{"start":{"line":2,"column":0},"end":{"line":2,"column":44}},"2":{"start":{"line":3,"column":0},"end":{"line":3,"column":0}},"3":{"start":{"line":4,"column":0},"end":{"line":4,"column":29}},"4":{"start":{"line":5,"column":0},"end":{"line":5,"column":42}},"5":{"start":{"line":6,"column":0},"end":{"line":6,"column":0}},"6":{"start":{"line":7,"column":0},"end":{"line":7,"column":10}},"7":{"start":{"line":8,"column":0},"end":{"line":8,"column":68}},"8":{"start":{"line":9,"column":0},"end":{"line":9,"column":51}},"9":{"start":{"line":10,"column":0},"end":{"line":10,"column":59}},"10":{"start":{"line":11,"column":0},"end":{"line":11,"column":15}},"11":{"start":{"line":12,"column":0},"end":{"line":12,"column":77}},"12":{"start":{"line":13,"column":0},"end":{"line":13,"column":85}},"13":{"start":{"line":14,"column":0},"end":{"line":14,"column":16}},"14":{"start":{"line":15,"column":0},"end":{"line":15,"column":0}},"15":{"start":{"line":16,"column":0},"end":{"line":16,"column":51}},"16":{"start":{"line":17,"column":0},"end":{"line":17,"column":22}},"17":{"start":{"line":18,"column":0},"end":{"line":18,"column":69}},"18":{"start":{"line":19,"column":0},"end":{"line":19,"column":44}},"19":{"start":{"line":20,"column":0},"end":{"line":20,"column":68}},"20":{"start":{"line":21,"column":0},"end":{"line":21,"column":76}},"21":{"start":{"line":22,"column":0},"end":{"line":22,"column":20}},"22":{"start":{"line":23,"column":0},"end":{"line":23,"column":14}},"23":{"start":{"line":24,"column":0},"end":{"line":24,"column":0}},"24":{"start":{"line":25,"column":0},"end":{"line":25,"column":19}},"25":{"start":{"line":26,"column":0},"end":{"line":26,"column":30}},"26":{"start":{"line":27,"column":0},"end":{"line":27,"column":67}},"27":{"start":{"line":28,"column":0},"end":{"line":28,"column":13}},"28":{"start":{"line":29,"column":0},"end":{"line":29,"column":44}},"29":{"start":{"line":30,"column":0},"end":{"line":30,"column":20}},"30":{"start":{"line":31,"column":0},"end":{"line":31,"column":21}},"31":{"start":{"line":32,"column":0},"end":{"line":32,"column":16}},"32":{"start":{"line":33,"column":0},"end":{"line":33,"column":14}},"33":{"start":{"line":34,"column":0},"end":{"line":34,"column":12}},"34":{"start":{"line":35,"column":0},"end":{"line":35,"column":13}},"35":{"start":{"line":36,"column":0},"end":{"line":36,"column":4}},"36":{"start":{"line":37,"column":0},"end":{"line":37,"column":2}}},"s":{"0":1,"1":1,"2":1,"3":1,"4":12,"5":12,"6":12,"7":12,"8":12,"9":12,"10":12,"11":12,"12":12,"13":12,"14":12,"15":12,"16":12,"17":1,"18":1,"19":1,"20":1,"21":1,"22":12,"23":12,"24":12,"25":12,"26":12,"27":12,"28":12,"29":12,"30":12,"31":12,"32":12,"33":12,"34":12,"35":12,"36":12},"branchMap":{"0":{"type":"branch","line":4,"loc":{"start":{"line":4,"column":22},"end":{"line":37,"column":2}},"locations":[{"start":{"line":4,"column":22},"end":{"line":37,"column":2}}]},"1":{"type":"branch","line":17,"loc":{"start":{"line":17,"column":13},"end":{"line":22,"column":20}},"locations":[{"start":{"line":17,"column":13},"end":{"line":22,"column":20}}]}},"b":{"0":[12],"1":[1]},"fnMap":{"0":{"name":"Header","decl":{"start":{"line":4,"column":22},"end":{"line":37,"column":2}},"loc":{"start":{"line":4,"column":22},"end":{"line":37,"column":2}},"line":4}},"f":{"0":12}}
,"C:\\Users\\I514635\\job-scanner-new\\frontend-react\\src\\components\\layout\\Layout.tsx": {"path":"C:\\Users\\I514635\\job-scanner-new\\frontend-react\\src\\components\\layout\\Layout.tsx","all":false,"statementMap":{"0":{"start":{"line":1,"column":0},"end":{"line":1,"column":34}},"1":{"start":{"line":2,"column":0},"end":{"line":2,"column":0}},"2":{"start":{"line":3,"column":0},"end":{"line":3,"column":23}},"3":{"start":{"line":4,"column":0},"end":{"line":4,"column":22}},"4":{"start":{"line":5,"column":0},"end":{"line":5,"column":1}},"5":{"start":{"line":6,"column":0},"end":{"line":6,"column":0}},"6":{"start":{"line":7,"column":0},"end":{"line":7,"column":54}},"7":{"start":{"line":8,"column":0},"end":{"line":8,"column":10}},"8":{"start":{"line":9,"column":0},"end":{"line":9,"column":45}},"9":{"start":{"line":10,"column":0},"end":{"line":10,"column":16}},"10":{"start":{"line":11,"column":0},"end":{"line":11,"column":10}},"11":{"start":{"line":12,"column":0},"end":{"line":12,"column":4}},"12":{"start":{"line":13,"column":0},"end":{"line":13,"column":2}}},"s":{"0":1,"1":1,"2":1,"3":1,"4":1,"5":1,"6":1,"7":8,"8":8,"9":8,"10":8,"11":8,"12":8},"branchMap":{"0":{"type":"branch","line":7,"loc":{"start":{"line":7,"column":22},"end":{"line":13,"column":2}},"locations":[{"start":{"line":7,"column":22},"end":{"line":13,"column":2}}]}},"b":{"0":[8]},"fnMap":{"0":{"name":"Layout","decl":{"start":{"line":7,"column":22},"end":{"line":13,"column":2}},"loc":{"start":{"line":7,"column":22},"end":{"line":13,"column":2}},"line":7}},"f":{"0":8}}
,"C:\\Users\\I514635\\job-scanner-new\\frontend-react\\src\\hooks\\useJobs.ts": {"path":"C:\\Users\\I514635\\job-scanner-new\\frontend-react\\src\\hooks\\useJobs.ts","all":false,"statementMap":{"0":{"start":{"line":1,"column":0},"end":{"line":1,"column":78}},"1":{"start":{"line":2,"column":0},"end":{"line":2,"column":41}},"2":{"start":{"line":3,"column":0},"end":{"line":3,"column":52}},"3":{"start":{"line":4,"column":0},"end":{"line":4,"column":0}},"4":{"start":{"line":5,"column":0},"end":{"line":5,"column":30}},"5":{"start":{"line":6,"column":0},"end":{"line":6,"column":39}},"6":{"start":{"line":7,"column":0},"end":{"line":7,"column":0}},"7":{"start":{"line":8,"column":0},"end":{"line":8,"column":19}},"8":{"start":{"line":9,"column":0},"end":{"line":9,"column":9}},"9":{"start":{"line":10,"column":0},"end":{"line":10,"column":20}},"10":{"start":{"line":11,"column":0},"end":{"line":11,"column":14}},"11":{"start":{"line":12,"column":0},"end":{"line":12,"column":10}},"12":{"start":{"line":13,"column":0},"end":{"line":13,"column":12}},"13":{"start":{"line":14,"column":0},"end":{"line":14,"column":16}},"14":{"start":{"line":15,"column":0},"end":{"line":15,"column":23}},"15":{"start":{"line":16,"column":0},"end":{"line":16,"column":32}},"16":{"start":{"line":17,"column":0},"end":{"line":17,"column":42}},"17":{"start":{"line":18,"column":0},"end":{"line":18,"column":5}},"18":{"start":{"line":19,"column":0},"end":{"line":19,"column":0}},"19":{"start":{"line":20,"column":0},"end":{"line":20,"column":24}},"20":{"start":{"line":21,"column":0},"end":{"line":21,"column":43}},"21":{"start":{"line":22,"column":0},"end":{"line":22,"column":36}},"22":{"start":{"line":23,"column":0},"end":{"line":23,"column":37}},"23":{"start":{"line":24,"column":0},"end":{"line":24,"column":41}},"24":{"start":{"line":25,"column":0},"end":{"line":25,"column":5}},"25":{"start":{"line":26,"column":0},"end":{"line":26,"column":0}},"26":{"start":{"line":27,"column":0},"end":{"line":27,"column":31}},"27":{"start":{"line":28,"column":0},"end":{"line":28,"column":44}},"28":{"start":{"line":29,"column":0},"end":{"line":29,"column":115}},"29":{"start":{"line":30,"column":0},"end":{"line":30,"column":55}},"30":{"start":{"line":31,"column":0},"end":{"line":31,"column":22}},"31":{"start":{"line":32,"column":0},"end":{"line":32,"column":31}},"32":{"start":{"line":33,"column":0},"end":{"line":33,"column":60}},"33":{"start":{"line":34,"column":0},"end":{"line":34,"column":73}},"34":{"start":{"line":35,"column":0},"end":{"line":35,"column":6}},"35":{"start":{"line":36,"column":0},"end":{"line":36,"column":5}},"36":{"start":{"line":37,"column":0},"end":{"line":37,"column":0}},"37":{"start":{"line":38,"column":0},"end":{"line":38,"column":10}},"38":{"start":{"line":39,"column":0},"end":{"line":39,"column":9}},"39":{"start":{"line":40,"column":0},"end":{"line":40,"column":14}},"40":{"start":{"line":41,"column":0},"end":{"line":41,"column":10}},"41":{"start":{"line":42,"column":0},"end":{"line":42,"column":17}},"42":{"start":{"line":43,"column":0},"end":{"line":43,"column":12}},"43":{"start":{"line":44,"column":0},"end":{"line":44,"column":46}},"44":{"start":{"line":45,"column":0},"end":{"line":45,"column":47}},"45":{"start":{"line":46,"column":0},"end":{"line":46,"column":4}},"46":{"start":{"line":47,"column":0},"end":{"line":47,"column":2}},"47":{"start":{"line":48,"column":0},"end":{"line":48,"column":0}},"48":{"start":{"line":49,"column":0},"end":{"line":49,"column":49}},"49":{"start":{"line":50,"column":0},"end":{"line":50,"column":57}},"50":{"start":{"line":51,"column":0},"end":{"line":51,"column":19}},"51":{"start":{"line":52,"column":0},"end":{"line":52,"column":44}},"52":{"start":{"line":53,"column":0},"end":{"line":53,"column":47}},"53":{"start":{"line":54,"column":0},"end":{"line":54,"column":42}},"54":{"start":{"line":55,"column":0},"end":{"line":55,"column":23}},"55":{"start":{"line":56,"column":0},"end":{"line":56,"column":5}},"56":{"start":{"line":57,"column":0},"end":{"line":57,"column":2}}},"s":{"0":1,"1":1,"2":1,"3":1,"4":1,"5":18,"6":18,"7":18,"8":18,"9":18,"10":18,"11":18,"12":18,"13":18,"14":18,"15":18,"16":18,"17":18,"18":18,"19":18,"20":18,"21":18,"22":18,"23":18,"24":18,"25":18,"26":18,"27":18,"28":18,"29":3,"30":18,"31":3,"32":3,"33":3,"34":3,"35":18,"36":18,"37":18,"38":18,"39":18,"40":18,"41":18,"42":18,"43":18,"44":18,"45":18,"46":18,"47":1,"48":1,"49":1,"50":5,"51":5,"52":5,"53":5,"54":5,"55":5,"56":5},"branchMap":{"0":{"type":"branch","line":5,"loc":{"start":{"line":5,"column":23},"end":{"line":47,"column":2}},"locations":[{"start":{"line":5,"column":23},"end":{"line":47,"column":2}}]},"1":{"type":"branch","line":29,"loc":{"start":{"line":29,"column":16},"end":{"line":30,"column":55}},"locations":[{"start":{"line":29,"column":16},"end":{"line":30,"column":55}}]},"2":{"type":"branch","line":31,"loc":{"start":{"line":31,"column":15},"end":{"line":35,"column":6}},"locations":[{"start":{"line":31,"column":15},"end":{"line":35,"column":6}}]},"3":{"type":"branch","line":50,"loc":{"start":{"line":50,"column":31},"end":{"line":57,"column":2}},"locations":[{"start":{"line":50,"column":31},"end":{"line":57,"column":2}}]},"4":{"type":"branch","line":53,"loc":{"start":{"line":53,"column":13},"end":{"line":53,"column":47}},"locations":[{"start":{"line":53,"column":13},"end":{"line":53,"column":47}}]}},"b":{"0":[18],"1":[3],"2":[3],"3":[5],"4":[3]},"fnMap":{"0":{"name":"useJobs","decl":{"start":{"line":5,"column":23},"end":{"line":47,"column":2}},"loc":{"start":{"line":5,"column":23},"end":{"line":47,"column":2}},"line":5},"1":{"name":"mutationFn","decl":{"start":{"line":29,"column":16},"end":{"line":30,"column":55}},"loc":{"start":{"line":29,"column":16},"end":{"line":30,"column":55}},"line":29},"2":{"name":"onSuccess","decl":{"start":{"line":31,"column":15},"end":{"line":35,"column":6}},"loc":{"start":{"line":31,"column":15},"end":{"line":35,"column":6}},"line":31},"3":{"name":"useFilteredJobs","decl":{"start":{"line":50,"column":31},"end":{"line":57,"column":2}},"loc":{"start":{"line":50,"column":31},"end":{"line":57,"column":2}},"line":50},"4":{"name":"queryFn","decl":{"start":{"line":53,"column":13},"end":{"line":53,"column":47}},"loc":{"start":{"line":53,"column":13},"end":{"line":53,"column":47}},"line":53}},"f":{"0":18,"1":3,"2":3,"3":5,"4":3}}
,"C:\\Users\\I514635\\job-scanner-new\\frontend-react\\src\\hooks\\useScan.ts": {"path":"C:\\Users\\I514635\\job-scanner-new\\frontend-react\\src\\hooks\\useScan.ts","all":false,"statementMap":{"0":{"start":{"line":1,"column":0},"end":{"line":1,"column":42}},"1":{"start":{"line":2,"column":0},"end":{"line":2,"column":62}},"2":{"start":{"line":3,"column":0},"end":{"line":3,"column":41}},"3":{"start":{"line":4,"column":0},"end":{"line":4,"column":49}},"4":{"start":{"line":5,"column":0},"end":{"line":5,"column":48}},"5":{"start":{"line":6,"column":0},"end":{"line":6,"column":0}},"6":{"start":{"line":7,"column":0},"end":{"line":7,"column":30}},"7":{"start":{"line":8,"column":0},"end":{"line":8,"column":93}},"8":{"start":{"line":9,"column":0},"end":{"line":9,"column":0}},"9":{"start":{"line":10,"column":0},"end":{"line":10,"column":24}},"10":{"start":{"line":11,"column":0},"end":{"line":11,"column":41}},"11":{"start":{"line":12,"column":0},"end":{"line":12,"column":34}},"12":{"start":{"line":13,"column":0},"end":{"line":13,"column":22}},"13":{"start":{"line":14,"column":0},"end":{"line":14,"column":24}},"14":{"start":{"line":15,"column":0},"end":{"line":15,"column":21}},"15":{"start":{"line":16,"column":0},"end":{"line":16,"column":6}},"16":{"start":{"line":17,"column":0},"end":{"line":17,"column":30}},"17":{"start":{"line":18,"column":0},"end":{"line":18,"column":61}},"18":{"start":{"line":19,"column":0},"end":{"line":19,"column":25}},"19":{"start":{"line":20,"column":0},"end":{"line":20,"column":6}},"20":{"start":{"line":21,"column":0},"end":{"line":21,"column":5}},"21":{"start":{"line":22,"column":0},"end":{"line":22,"column":0}},"22":{"start":{"line":23,"column":0},"end":{"line":23,"column":23}},"23":{"start":{"line":24,"column":0},"end":{"line":24,"column":40}},"24":{"start":{"line":25,"column":0},"end":{"line":25,"column":33}},"25":{"start":{"line":26,"column":0},"end":{"line":26,"column":22}},"26":{"start":{"line":27,"column":0},"end":{"line":27,"column":25}},"27":{"start":{"line":28,"column":0},"end":{"line":28,"column":14}},"28":{"start":{"line":29,"column":0},"end":{"line":29,"column":6}},"29":{"start":{"line":30,"column":0},"end":{"line":30,"column":5}},"30":{"start":{"line":31,"column":0},"end":{"line":31,"column":0}},"31":{"start":{"line":32,"column":0},"end":{"line":32,"column":10}},"32":{"start":{"line":33,"column":0},"end":{"line":33,"column":15}},"33":{"start":{"line":34,"column":0},"end":{"line":34,"column":13}},"34":{"start":{"line":35,"column":0},"end":{"line":35,"column":40}},"35":{"start":{"line":36,"column":0},"end":{"line":36,"column":38}},"36":{"start":{"line":37,"column":0},"end":{"line":37,"column":44}},"37":{"start":{"line":38,"column":0},"end":{"line":38,"column":43}},"38":{"start":{"line":39,"column":0},"end":{"line":39,"column":4}},"39":{"start":{"line":40,"column":0},"end":{"line":40,"column":2}},"40":{"start":{"line":41,"column":0},"end":{"line":41,"column":0}},"41":{"start":{"line":42,"column":0},"end":{"line":42,"column":33}},"42":{"start":{"line":43,"column":0},"end":{"line":43,"column":38}},"43":{"start":{"line":44,"column":0},"end":{"line":44,"column":76}},"44":{"start":{"line":45,"column":0},"end":{"line":45,"column":54}},"45":{"start":{"line":46,"column":0},"end":{"line":46,"column":0}},"46":{"start":{"line":47,"column":0},"end":{"line":47,"column":39}},"47":{"start":{"line":48,"column":0},"end":{"line":48,"column":32}},"48":{"start":{"line":49,"column":0},"end":{"line":49,"column":37}},"49":{"start":{"line":50,"column":0},"end":{"line":50,"column":24}},"50":{"start":{"line":51,"column":0},"end":{"line":51,"column":84}},"51":{"start":{"line":52,"column":0},"end":{"line":52,"column":13}},"52":{"start":{"line":53,"column":0},"end":{"line":53,"column":5}},"53":{"start":{"line":54,"column":0},"end":{"line":54,"column":0}},"54":{"start":{"line":55,"column":0},"end":{"line":55,"column":19}},"55":{"start":{"line":56,"column":0},"end":{"line":56,"column":19}},"56":{"start":{"line":57,"column":0},"end":{"line":57,"column":28}},"57":{"start":{"line":58,"column":0},"end":{"line":58,"column":0}},"58":{"start":{"line":59,"column":0},"end":{"line":59,"column":44}},"59":{"start":{"line":60,"column":0},"end":{"line":60,"column":10}},"60":{"start":{"line":61,"column":0},"end":{"line":61,"column":56}},"61":{"start":{"line":62,"column":0},"end":{"line":62,"column":53}},"62":{"start":{"line":63,"column":0},"end":{"line":63,"column":51}},"63":{"start":{"line":64,"column":0},"end":{"line":64,"column":9}},"64":{"start":{"line":65,"column":0},"end":{"line":65,"column":27}},"65":{"start":{"line":66,"column":0},"end":{"line":66,"column":0}},"66":{"start":{"line":67,"column":0},"end":{"line":67,"column":57}},"67":{"start":{"line":68,"column":0},"end":{"line":68,"column":34}},"68":{"start":{"line":69,"column":0},"end":{"line":69,"column":9}},"69":{"start":{"line":70,"column":0},"end":{"line":70,"column":7}},"70":{"start":{"line":71,"column":0},"end":{"line":71,"column":5}},"71":{"start":{"line":72,"column":0},"end":{"line":72,"column":53}},"72":{"start":{"line":73,"column":0},"end":{"line":73,"column":0}},"73":{"start":{"line":74,"column":0},"end":{"line":74,"column":10}},"74":{"start":{"line":75,"column":0},"end":{"line":75,"column":13}},"75":{"start":{"line":76,"column":0},"end":{"line":76,"column":15}},"76":{"start":{"line":77,"column":0},"end":{"line":77,"column":4}},"77":{"start":{"line":78,"column":0},"end":{"line":78,"column":2}}},"s":{"0":1,"1":1,"2":1,"3":1,"4":1,"5":1,"6":1,"7":29,"8":29,"9":29,"10":29,"11":29,"12":29,"13":4,"14":4,"15":4,"16":29,"17":2,"18":2,"19":2,"20":29,"21":29,"22":29,"23":29,"24":29,"25":29,"26":3,"27":3,"28":3,"29":29,"30":29,"31":29,"32":29,"33":29,"34":29,"35":29,"36":29,"37":29,"38":29,"39":29,"40":1,"41":1,"42":1,"43":40,"44":40,"45":40,"46":40,"47":40,"48":40,"49":40,"50":40,"51":40,"52":40,"53":40,"54":40,"55":26,"56":13,"57":13,"58":13,"59":13,"60":13,"61":11,"62":9,"63":13,"64":5,"65":5,"66":5,"67":2,"68":2,"69":5,"70":13,"71":40,"72":40,"73":40,"74":40,"75":40,"76":40,"77":40},"branchMap":{"0":{"type":"branch","line":7,"loc":{"start":{"line":7,"column":23},"end":{"line":40,"column":2}},"locations":[{"start":{"line":7,"column":23},"end":{"line":40,"column":2}}]},"1":{"type":"branch","line":13,"loc":{"start":{"line":13,"column":15},"end":{"line":16,"column":6}},"locations":[{"start":{"line":13,"column":15},"end":{"line":16,"column":6}}]},"2":{"type":"branch","line":17,"loc":{"start":{"line":17,"column":13},"end":{"line":20,"column":6}},"locations":[{"start":{"line":17,"column":13},"end":{"line":20,"column":6}}]},"3":{"type":"branch","line":18,"loc":{"start":{"line":18,"column":21},"end":{"line":18,"column":59}},"locations":[{"start":{"line":18,"column":21},"end":{"line":18,"column":59}}]},"4":{"type":"branch","line":26,"loc":{"start":{"line":26,"column":15},"end":{"line":29,"column":6}},"locations":[{"start":{"line":26,"column":15},"end":{"line":29,"column":6}}]},"5":{"type":"branch","line":43,"loc":{"start":{"line":43,"column":31},"end":{"line":78,"column":2}},"locations":[{"start":{"line":43,"column":31},"end":{"line":78,"column":2}}]},"6":{"type":"branch","line":51,"loc":{"start":{"line":51,"column":21},"end":{"line":51,"column":41}},"locations":[{"start":{"line":51,"column":21},"end":{"line":51,"column":41}}]},"7":{"type":"branch","line":51,"loc":{"start":{"line":51,"column":34},"end":{"line":51,"column":84}},"locations":[{"start":{"line":51,"column":34},"end":{"line":51,"column":84}}]},"8":{"type":"branch","line":55,"loc":{"start":{"line":55,"column":12},"end":{"line":72,"column":5}},"locations":[{"start":{"line":55,"column":12},"end":{"line":72,"column":5}}]},"9":{"type":"branch","line":56,"loc":{"start":{"line":56,"column":18},"end":{"line":71,"column":5}},"locations":[{"start":{"line":56,"column":18},"end":{"line":71,"column":5}}]},"10":{"type":"branch","line":61,"loc":{"start":{"line":61,"column":44},"end":{"line":62,"column":53}},"locations":[{"start":{"line":61,"column":44},"end":{"line":62,"column":53}}]},"11":{"type":"branch","line":62,"loc":{"start":{"line":62,"column":44},"end":{"line":63,"column":51}},"locations":[{"start":{"line":62,"column":44},"end":{"line":63,"column":51}}]},"12":{"type":"branch","line":64,"loc":{"start":{"line":64,"column":8},"end":{"line":70,"column":7}},"locations":[{"start":{"line":64,"column":8},"end":{"line":70,"column":7}}]},"13":{"type":"branch","line":67,"loc":{"start":{"line":67,"column":56},"end":{"line":69,"column":9}},"locations":[{"start":{"line":67,"column":56},"end":{"line":69,"column":9}}]}},"b":{"0":[29],"1":[4],"2":[2],"3":[0],"4":[3],"5":[40],"6":[33],"7":[7],"8":[26],"9":[13],"10":[11],"11":[9],"12":[5],"13":[2]},"fnMap":{"0":{"name":"useScan","decl":{"start":{"line":7,"column":23},"end":{"line":40,"column":2}},"loc":{"start":{"line":7,"column":23},"end":{"line":40,"column":2}},"line":7},"1":{"name":"onSuccess","decl":{"start":{"line":13,"column":15},"end":{"line":16,"column":6}},"loc":{"start":{"line":13,"column":15},"end":{"line":16,"column":6}},"line":13},"2":{"name":"onError","decl":{"start":{"line":17,"column":13},"end":{"line":20,"column":6}},"loc":{"start":{"line":17,"column":13},"end":{"line":20,"column":6}},"line":17},"3":{"name":"onSuccess","decl":{"start":{"line":26,"column":15},"end":{"line":29,"column":6}},"loc":{"start":{"line":26,"column":15},"end":{"line":29,"column":6}},"line":26},"4":{"name":"useScanProgress","decl":{"start":{"line":43,"column":31},"end":{"line":78,"column":2}},"loc":{"start":{"line":43,"column":31},"end":{"line":78,"column":2}},"line":43}},"f":{"0":29,"1":4,"2":2,"3":3,"4":40}}
,"C:\\Users\\I514635\\job-scanner-new\\frontend-react\\src\\pages\\JobsPage.tsx": {"path":"C:\\Users\\I514635\\job-scanner-new\\frontend-react\\src\\pages\\JobsPage.tsx","all":false,"statementMap":{"0":{"start":{"line":1,"column":0},"end":{"line":1,"column":52}},"1":{"start":{"line":2,"column":0},"end":{"line":2,"column":52}},"2":{"start":{"line":3,"column":0},"end":{"line":3,"column":0}},"3":{"start":{"line":4,"column":0},"end":{"line":4,"column":31}},"4":{"start":{"line":5,"column":0},"end":{"line":5,"column":10}},"5":{"start":{"line":6,"column":0},"end":{"line":6,"column":12}},"6":{"start":{"line":7,"column":0},"end":{"line":7,"column":16}},"7":{"start":{"line":8,"column":0},"end":{"line":8,"column":27}},"8":{"start":{"line":9,"column":0},"end":{"line":9,"column":30}},"9":{"start":{"line":10,"column":0},"end":{"line":10,"column":69}},"10":{"start":{"line":11,"column":0},"end":{"line":11,"column":39}},"11":{"start":{"line":12,"column":0},"end":{"line":12,"column":85}},"12":{"start":{"line":13,"column":0},"end":{"line":13,"column":14}},"13":{"start":{"line":14,"column":0},"end":{"line":14,"column":44}},"14":{"start":{"line":15,"column":0},"end":{"line":15,"column":70}},"15":{"start":{"line":16,"column":0},"end":{"line":16,"column":14}},"16":{"start":{"line":17,"column":0},"end":{"line":17,"column":14}},"17":{"start":{"line":18,"column":0},"end":{"line":18,"column":12}},"18":{"start":{"line":19,"column":0},"end":{"line":19,"column":13}},"19":{"start":{"line":20,"column":0},"end":{"line":20,"column":4}},"20":{"start":{"line":21,"column":0},"end":{"line":21,"column":2}}},"s":{"0":1,"1":1,"2":1,"3":1,"4":4,"5":4,"6":4,"7":4,"8":4,"9":4,"10":4,"11":4,"12":4,"13":4,"14":4,"15":4,"16":4,"17":4,"18":4,"19":4,"20":4},"branchMap":{"0":{"type":"branch","line":4,"loc":{"start":{"line":4,"column":24},"end":{"line":21,"column":2}},"locations":[{"start":{"line":4,"column":24},"end":{"line":21,"column":2}}]}},"b":{"0":[4]},"fnMap":{"0":{"name":"JobsPage","decl":{"start":{"line":4,"column":24},"end":{"line":21,"column":2}},"loc":{"start":{"line":4,"column":24},"end":{"line":21,"column":2}},"line":4}},"f":{"0":4}}
,"C:\\Users\\I514635\\job-scanner-new\\frontend-react\\src\\pages\\LoginPage.tsx": {"path":"C:\\Users\\I514635\\job-scanner-new\\frontend-react\\src\\pages\\LoginPage.tsx","all":false,"statementMap":{"0":{"start":{"line":1,"column":0},"end":{"line":1,"column":33}},"1":{"start":{"line":2,"column":0},"end":{"line":2,"column":47}},"2":{"start":{"line":3,"column":0},"end":{"line":3,"column":49}},"3":{"start":{"line":4,"column":0},"end":{"line":4,"column":37}},"4":{"start":{"line":5,"column":0},"end":{"line":5,"column":0}},"5":{"start":{"line":6,"column":0},"end":{"line":6,"column":32}},"6":{"start":{"line":7,"column":0},"end":{"line":7,"column":33}},"7":{"start":{"line":8,"column":0},"end":{"line":8,"column":65}},"8":{"start":{"line":9,"column":0},"end":{"line":9,"column":0}},"9":{"start":{"line":10,"column":0},"end":{"line":10,"column":47}},"10":{"start":{"line":11,"column":0},"end":{"line":11,"column":47}},"11":{"start":{"line":12,"column":0},"end":{"line":12,"column":0}},"12":{"start":{"line":13,"column":0},"end":{"line":13,"column":54}},"13":{"start":{"line":14,"column":0},"end":{"line":14,"column":23}},"14":{"start":{"line":15,"column":0},"end":{"line":15,"column":17}},"15":{"start":{"line":16,"column":0},"end":{"line":16,"column":0}},"16":{"start":{"line":17,"column":0},"end":{"line":17,"column":9}},"17":{"start":{"line":18,"column":0},"end":{"line":18,"column":42}},"18":{"start":{"line":19,"column":0},"end":{"line":19,"column":20}},"19":{"start":{"line":20,"column":0},"end":{"line":20,"column":19}},"20":{"start":{"line":21,"column":0},"end":{"line":21,"column":34}},"21":{"start":{"line":22,"column":0},"end":{"line":22,"column":5}},"22":{"start":{"line":23,"column":0},"end":{"line":23,"column":4}},"23":{"start":{"line":24,"column":0},"end":{"line":24,"column":0}},"24":{"start":{"line":25,"column":0},"end":{"line":25,"column":10}},"25":{"start":{"line":26,"column":0},"end":{"line":26,"column":116}},"26":{"start":{"line":27,"column":0},"end":{"line":27,"column":49}},"27":{"start":{"line":28,"column":0},"end":{"line":28,"column":42}},"28":{"start":{"line":29,"column":0},"end":{"line":29,"column":121}},"29":{"start":{"line":30,"column":0},"end":{"line":30,"column":41}},"30":{"start":{"line":31,"column":0},"end":{"line":31,"column":16}},"31":{"start":{"line":32,"column":0},"end":{"line":32,"column":75}},"32":{"start":{"line":33,"column":0},"end":{"line":33,"column":71}},"33":{"start":{"line":34,"column":0},"end":{"line":34,"column":14}},"34":{"start":{"line":35,"column":0},"end":{"line":35,"column":0}},"35":{"start":{"line":36,"column":0},"end":{"line":36,"column":60}},"36":{"start":{"line":37,"column":0},"end":{"line":37,"column":21}},"37":{"start":{"line":38,"column":0},"end":{"line":38,"column":95}},"38":{"start":{"line":39,"column":0},"end":{"line":39,"column":21}},"39":{"start":{"line":40,"column":0},"end":{"line":40,"column":18}},"40":{"start":{"line":41,"column":0},"end":{"line":41,"column":12}},"41":{"start":{"line":42,"column":0},"end":{"line":42,"column":0}},"42":{"start":{"line":43,"column":0},"end":{"line":43,"column":15}},"43":{"start":{"line":44,"column":0},"end":{"line":44,"column":95}},"44":{"start":{"line":45,"column":0},"end":{"line":45,"column":22}},"45":{"start":{"line":46,"column":0},"end":{"line":46,"column":20}},"46":{"start":{"line":47,"column":0},"end":{"line":47,"column":18}},"47":{"start":{"line":48,"column":0},"end":{"line":48,"column":27}},"48":{"start":{"line":49,"column":0},"end":{"line":49,"column":25}},"49":{"start":{"line":50,"column":0},"end":{"line":50,"column":30}},"50":{"start":{"line":51,"column":0},"end":{"line":51,"column":59}},"51":{"start":{"line":52,"column":0},"end":{"line":52,"column":31}},"52":{"start":{"line":53,"column":0},"end":{"line":53,"column":47}},"53":{"start":{"line":54,"column":0},"end":{"line":54,"column":22}},"54":{"start":{"line":55,"column":0},"end":{"line":55,"column":23}},"55":{"start":{"line":56,"column":0},"end":{"line":56,"column":14}},"56":{"start":{"line":57,"column":0},"end":{"line":57,"column":16}},"57":{"start":{"line":58,"column":0},"end":{"line":58,"column":0}},"58":{"start":{"line":59,"column":0},"end":{"line":59,"column":15}},"59":{"start":{"line":60,"column":0},"end":{"line":60,"column":95}},"60":{"start":{"line":61,"column":0},"end":{"line":61,"column":22}},"61":{"start":{"line":62,"column":0},"end":{"line":62,"column":20}},"62":{"start":{"line":63,"column":0},"end":{"line":63,"column":18}},"63":{"start":{"line":64,"column":0},"end":{"line":64,"column":27}},"64":{"start":{"line":65,"column":0},"end":{"line":65,"column":29}},"65":{"start":{"line":66,"column":0},"end":{"line":66,"column":30}},"66":{"start":{"line":67,"column":0},"end":{"line":67,"column":59}},"67":{"start":{"line":68,"column":0},"end":{"line":68,"column":31}},"68":{"start":{"line":69,"column":0},"end":{"line":69,"column":47}},"69":{"start":{"line":70,"column":0},"end":{"line":70,"column":22}},"70":{"start":{"line":71,"column":0},"end":{"line":71,"column":14}},"71":{"start":{"line":72,"column":0},"end":{"line":72,"column":16}},"72":{"start":{"line":73,"column":0},"end":{"line":73,"column":0}},"73":{"start":{"line":74,"column":0},"end":{"line":74,"column":17}},"74":{"start":{"line":75,"column":0},"end":{"line":75,"column":25}},"75":{"start":{"line":76,"column":0},"end":{"line":76,"column":32}},"76":{"start":{"line":77,"column":0},"end":{"line":77,"column":94}},"77":{"start":{"line":78,"column":0},"end":{"line":78,"column":11}},"78":{"start":{"line":79,"column":0},"end":{"line":79,"column":53}},"79":{"start":{"line":80,"column":0},"end":{"line":80,"column":19}},"80":{"start":{"line":81,"column":0},"end":{"line":81,"column":15}},"81":{"start":{"line":82,"column":0},"end":{"line":82,"column":0}},"82":{"start":{"line":83,"column":0},"end":{"line":83,"column":64}},"83":{"start":{"line":84,"column":0},"end":{"line":84,"column":37}},"84":{"start":{"line":85,"column":0},"end":{"line":85,"column":48}},"85":{"start":{"line":86,"column":0},"end":{"line":86,"column":32}},"86":{"start":{"line":87,"column":0},"end":{"line":87,"column":14}},"87":{"start":{"line":88,"column":0},"end":{"line":88,"column":14}},"88":{"start":{"line":89,"column":0},"end":{"line":89,"column":12}},"89":{"start":{"line":90,"column":0},"end":{"line":90,"column":10}},"90":{"start":{"line":91,"column":0},"end":{"line":91,"column":4}},"91":{"start":{"line":92,"column":0},"end":{"line":92,"column":2}}},"s":{"0":1,"1":1,"2":1,"3":1,"4":1,"5":1,"6":181,"7":181,"8":181,"9":181,"10":181,"11":181,"12":181,"13":9,"14":9,"15":9,"16":9,"17":9,"18":6,"19":8,"20":3,"21":3,"22":9,"23":181,"24":181,"25":181,"26":181,"27":181,"28":181,"29":181,"30":181,"31":181,"32":181,"33":181,"34":181,"35":181,"36":181,"37":22,"38":22,"39":22,"40":181,"41":181,"42":181,"43":181,"44":181,"45":181,"46":181,"47":181,"48":181,"49":181,"50":181,"51":181,"52":181,"53":181,"54":181,"55":181,"56":181,"57":181,"58":181,"59":181,"60":181,"61":181,"62":181,"63":181,"64":181,"65":181,"66":181,"67":181,"68":181,"69":181,"70":181,"71":181,"72":181,"73":181,"74":181,"75":181,"76":181,"77":181,"78":181,"79":181,"80":181,"81":181,"82":181,"83":181,"84":181,"85":181,"86":181,"87":181,"88":181,"89":181,"90":181,"91":181},"branchMap":{"0":{"type":"branch","line":6,"loc":{"start":{"line":6,"column":25},"end":{"line":92,"column":2}},"locations":[{"start":{"line":6,"column":25},"end":{"line":92,"column":2}}]},"1":{"type":"branch","line":37,"loc":{"start":{"line":37,"column":11},"end":{"line":40,"column":18}},"locations":[{"start":{"line":37,"column":11},"end":{"line":40,"column":18}}]},"2":{"type":"branch","line":79,"loc":{"start":{"line":79,"column":13},"end":{"line":79,"column":43}},"locations":[{"start":{"line":79,"column":13},"end":{"line":79,"column":43}}]},"3":{"type":"branch","line":79,"loc":{"start":{"line":79,"column":25},"end":{"line":79,"column":53}},"locations":[{"start":{"line":79,"column":25},"end":{"line":79,"column":53}}]},"4":{"type":"branch","line":13,"loc":{"start":{"line":13,"column":23},"end":{"line":23,"column":4}},"locations":[{"start":{"line":13,"column":23},"end":{"line":23,"column":4}}]},"5":{"type":"branch","line":18,"loc":{"start":{"line":18,"column":40},"end":{"line":22,"column":5}},"locations":[{"start":{"line":18,"column":40},"end":{"line":22,"column":5}}]},"6":{"type":"branch","line":18,"loc":{"start":{"line":18,"column":40},"end":{"line":20,"column":13}},"locations":[{"start":{"line":18,"column":40},"end":{"line":20,"column":13}}]},"7":{"type":"branch","line":20,"loc":{"start":{"line":20,"column":4},"end":{"line":22,"column":5}},"locations":[{"start":{"line":20,"column":4},"end":{"line":22,"column":5}}]},"8":{"type":"branch","line":51,"loc":{"start":{"line":51,"column":24},"end":{"line":51,"column":59}},"locations":[{"start":{"line":51,"column":24},"end":{"line":51,"column":59}}]},"9":{"type":"branch","line":67,"loc":{"start":{"line":67,"column":24},"end":{"line":67,"column":59}},"locations":[{"start":{"line":67,"column":24},"end":{"line":67,"column":59}}]}},"b":{"0":[181],"1":[22],"2":[9],"3":[170],"4":[9],"5":[8],"6":[6],"7":[3],"8":[46],"9":[104]},"fnMap":{"0":{"name":"LoginPage","decl":{"start":{"line":6,"column":25},"end":{"line":92,"column":2}},"loc":{"start":{"line":6,"column":25},"end":{"line":92,"column":2}},"line":6},"1":{"name":"handleSubmit","decl":{"start":{"line":13,"column":23},"end":{"line":23,"column":4}},"loc":{"start":{"line":13,"column":23},"end":{"line":23,"column":4}},"line":13},"2":{"name":"onChange","decl":{"start":{"line":51,"column":24},"end":{"line":51,"column":59}},"loc":{"start":{"line":51,"column":24},"end":{"line":51,"column":59}},"line":51},"3":{"name":"onChange","decl":{"start":{"line":67,"column":24},"end":{"line":67,"column":59}},"loc":{"start":{"line":67,"column":24},"end":{"line":67,"column":59}},"line":67}},"f":{"0":181,"1":9,"2":46,"3":104}}
,"C:\\Users\\I514635\\job-scanner-new\\frontend-react\\src\\store\\authStore.ts": {"path":"C:\\Users\\I514635\\job-scanner-new\\frontend-react\\src\\store\\authStore.ts","all":false,"statementMap":{"0":{"start":{"line":1,"column":0},"end":{"line":1,"column":33}},"1":{"start":{"line":2,"column":0},"end":{"line":2,"column":45}},"2":{"start":{"line":3,"column":0},"end":{"line":3,"column":41}},"3":{"start":{"line":4,"column":0},"end":{"line":4,"column":54}},"4":{"start":{"line":5,"column":0},"end":{"line":5,"column":0}},"5":{"start":{"line":6,"column":0},"end":{"line":6,"column":16}},"6":{"start":{"line":7,"column":0},"end":{"line":7,"column":13}},"7":{"start":{"line":8,"column":0},"end":{"line":8,"column":19}},"8":{"start":{"line":9,"column":0},"end":{"line":9,"column":16}},"9":{"start":{"line":10,"column":0},"end":{"line":10,"column":15}},"10":{"start":{"line":11,"column":0},"end":{"line":11,"column":1}},"11":{"start":{"line":12,"column":0},"end":{"line":12,"column":0}},"12":{"start":{"line":13,"column":0},"end":{"line":13,"column":21}},"13":{"start":{"line":14,"column":0},"end":{"line":14,"column":29}},"14":{"start":{"line":15,"column":0},"end":{"line":15,"column":30}},"15":{"start":{"line":16,"column":0},"end":{"line":16,"column":20}},"16":{"start":{"line":17,"column":0},"end":{"line":17,"column":21}},"17":{"start":{"line":18,"column":0},"end":{"line":18,"column":23}},"18":{"start":{"line":19,"column":0},"end":{"line":19,"column":0}},"19":{"start":{"line":20,"column":0},"end":{"line":20,"column":12}},"20":{"start":{"line":21,"column":0},"end":{"line":21,"column":54}},"21":{"start":{"line":22,"column":0},"end":{"line":22,"column":21}},"22":{"start":{"line":23,"column":0},"end":{"line":23,"column":65}},"23":{"start":{"line":24,"column":0},"end":{"line":24,"column":25}},"24":{"start":{"line":25,"column":0},"end":{"line":25,"column":1}},"25":{"start":{"line":26,"column":0},"end":{"line":26,"column":0}},"26":{"start":{"line":27,"column":0},"end":{"line":27,"column":48}},"27":{"start":{"line":28,"column":0},"end":{"line":28,"column":10}},"28":{"start":{"line":29,"column":0},"end":{"line":29,"column":15}},"29":{"start":{"line":30,"column":0},"end":{"line":30,"column":24}},"30":{"start":{"line":31,"column":0},"end":{"line":31,"column":25}},"31":{"start":{"line":32,"column":0},"end":{"line":32,"column":17}},"32":{"start":{"line":33,"column":0},"end":{"line":33,"column":23}},"33":{"start":{"line":34,"column":0},"end":{"line":34,"column":18}},"34":{"start":{"line":35,"column":0},"end":{"line":35,"column":0}},"35":{"start":{"line":36,"column":0},"end":{"line":36,"column":37}},"36":{"start":{"line":37,"column":0},"end":{"line":37,"column":46}},"37":{"start":{"line":38,"column":0},"end":{"line":38,"column":13}},"38":{"start":{"line":39,"column":0},"end":{"line":39,"column":60}},"39":{"start":{"line":40,"column":0},"end":{"line":40,"column":0}},"40":{"start":{"line":41,"column":0},"end":{"line":41,"column":25}},"41":{"start":{"line":42,"column":0},"end":{"line":42,"column":70}},"42":{"start":{"line":43,"column":0},"end":{"line":43,"column":72}},"43":{"start":{"line":44,"column":0},"end":{"line":44,"column":0}},"44":{"start":{"line":45,"column":0},"end":{"line":45,"column":15}},"45":{"start":{"line":46,"column":0},"end":{"line":46,"column":47}},"46":{"start":{"line":47,"column":0},"end":{"line":47,"column":49}},"47":{"start":{"line":48,"column":0},"end":{"line":48,"column":32}},"48":{"start":{"line":49,"column":0},"end":{"line":49,"column":29}},"49":{"start":{"line":50,"column":0},"end":{"line":50,"column":13}},"50":{"start":{"line":51,"column":0},"end":{"line":51,"column":30}},"51":{"start":{"line":52,"column":0},"end":{"line":52,"column":15}},"52":{"start":{"line":53,"column":0},"end":{"line":53,"column":56}},"53":{"start":{"line":54,"column":0},"end":{"line":54,"column":29}},"54":{"start":{"line":55,"column":0},"end":{"line":55,"column":13}},"55":{"start":{"line":56,"column":0},"end":{"line":56,"column":22}},"56":{"start":{"line":57,"column":0},"end":{"line":57,"column":9}},"57":{"start":{"line":58,"column":0},"end":{"line":58,"column":8}},"58":{"start":{"line":59,"column":0},"end":{"line":59,"column":0}},"59":{"start":{"line":60,"column":0},"end":{"line":60,"column":21}},"60":{"start":{"line":61,"column":0},"end":{"line":61,"column":48}},"61":{"start":{"line":62,"column":0},"end":{"line":62,"column":49}},"62":{"start":{"line":63,"column":0},"end":{"line":63,"column":0}},"63":{"start":{"line":64,"column":0},"end":{"line":64,"column":38}},"64":{"start":{"line":65,"column":0},"end":{"line":65,"column":36}},"65":{"start":{"line":66,"column":0},"end":{"line":66,"column":11}},"66":{"start":{"line":67,"column":0},"end":{"line":67,"column":0}},"67":{"start":{"line":68,"column":0},"end":{"line":68,"column":13}},"68":{"start":{"line":69,"column":0},"end":{"line":69,"column":28}},"69":{"start":{"line":70,"column":0},"end":{"line":70,"column":29}},"70":{"start":{"line":71,"column":0},"end":{"line":71,"column":21}},"71":{"start":{"line":72,"column":0},"end":{"line":72,"column":22}},"72":{"start":{"line":73,"column":0},"end":{"line":73,"column":11}},"73":{"start":{"line":74,"column":0},"end":{"line":74,"column":8}},"74":{"start":{"line":75,"column":0},"end":{"line":75,"column":0}},"75":{"start":{"line":76,"column":0},"end":{"line":76,"column":49}},"76":{"start":{"line":77,"column":0},"end":{"line":77,"column":58}},"77":{"start":{"line":78,"column":0},"end":{"line":78,"column":60}},"78":{"start":{"line":79,"column":0},"end":{"line":79,"column":0}},"79":{"start":{"line":80,"column":0},"end":{"line":80,"column":43}},"80":{"start":{"line":81,"column":0},"end":{"line":81,"column":8}},"81":{"start":{"line":82,"column":0},"end":{"line":82,"column":0}},"82":{"start":{"line":83,"column":0},"end":{"line":83,"column":45}},"83":{"start":{"line":84,"column":0},"end":{"line":84,"column":7}},"84":{"start":{"line":85,"column":0},"end":{"line":85,"column":5}},"85":{"start":{"line":86,"column":0},"end":{"line":86,"column":27}},"86":{"start":{"line":87,"column":0},"end":{"line":87,"column":31}},"87":{"start":{"line":88,"column":0},"end":{"line":88,"column":25}},"88":{"start":{"line":89,"column":0},"end":{"line":89,"column":9}},"89":{"start":{"line":90,"column":0},"end":{"line":90,"column":5}},"90":{"start":{"line":91,"column":0},"end":{"line":91,"column":3}},"91":{"start":{"line":92,"column":0},"end":{"line":92,"column":2}}},"s":{"0":1,"1":1,"2":1,"3":1,"4":1,"5":1,"6":1,"7":1,"8":1,"9":1,"10":1,"11":1,"12":1,"13":1,"14":1,"15":1,"16":1,"17":1,"18":1,"19":1,"20":1,"21":1,"22":1,"23":1,"24":1,"25":1,"26":1,"27":1,"28":1,"29":5,"30":5,"31":5,"32":5,"33":5,"34":5,"35":5,"36":11,"37":11,"38":11,"39":7,"40":7,"41":7,"42":7,"43":7,"44":7,"45":7,"46":7,"47":7,"48":7,"49":7,"50":9,"51":4,"52":4,"53":4,"54":4,"55":4,"56":4,"57":11,"58":5,"59":5,"60":3,"61":3,"62":3,"63":3,"64":0,"65":3,"66":3,"67":3,"68":3,"69":3,"70":3,"71":3,"72":3,"73":3,"74":5,"75":5,"76":1,"77":1,"78":1,"79":1,"80":1,"81":5,"82":5,"83":5,"84":1,"85":1,"86":1,"87":70,"88":70,"89":1,"90":1,"91":1},"branchMap":{"0":{"type":"branch","line":29,"loc":{"start":{"line":29,"column":4},"end":{"line":84,"column":7}},"locations":[{"start":{"line":29,"column":4},"end":{"line":84,"column":7}}]},"1":{"type":"branch","line":36,"loc":{"start":{"line":36,"column":13},"end":{"line":58,"column":8}},"locations":[{"start":{"line":36,"column":13},"end":{"line":58,"column":8}}]},"2":{"type":"branch","line":39,"loc":{"start":{"line":39,"column":58},"end":{"line":57,"column":9}},"locations":[{"start":{"line":39,"column":58},"end":{"line":57,"column":9}}]},"3":{"type":"branch","line":39,"loc":{"start":{"line":39,"column":58},"end":{"line":51,"column":17}},"locations":[{"start":{"line":39,"column":58},"end":{"line":51,"column":17}}]},"4":{"type":"branch","line":51,"loc":{"start":{"line":51,"column":8},"end":{"line":57,"column":9}},"locations":[{"start":{"line":51,"column":8},"end":{"line":57,"column":9}}]},"5":{"type":"branch","line":53,"loc":{"start":{"line":53,"column":25},"end":{"line":53,"column":56}},"locations":[{"start":{"line":53,"column":25},"end":{"line":53,"column":56}}]},"6":{"type":"branch","line":60,"loc":{"start":{"line":60,"column":14},"end":{"line":74,"column":8}},"locations":[{"start":{"line":60,"column":14},"end":{"line":74,"column":8}}]},"7":{"type":"branch","line":76,"loc":{"start":{"line":76,"column":17},"end":{"line":81,"column":8}},"locations":[{"start":{"line":76,"column":17},"end":{"line":81,"column":8}}]},"8":{"type":"branch","line":83,"loc":{"start":{"line":83,"column":18},"end":{"line":83,"column":45}},"locations":[{"start":{"line":83,"column":18},"end":{"line":83,"column":45}}]},"9":{"type":"branch","line":87,"loc":{"start":{"line":87,"column":18},"end":{"line":89,"column":9}},"locations":[{"start":{"line":87,"column":18},"end":{"line":89,"column":9}}]}},"b":{"0":[5],"1":[11],"2":[9],"3":[7],"4":[4],"5":[0],"6":[3],"7":[1],"8":[10],"9":[70]},"fnMap":{"0":{"name":"__vite_ssr_import_0__.create.__vite_ssr_import_1__.persist.name","decl":{"start":{"line":29,"column":4},"end":{"line":84,"column":7}},"loc":{"start":{"line":29,"column":4},"end":{"line":84,"column":7}},"line":29},"1":{"name":"login","decl":{"start":{"line":36,"column":13},"end":{"line":58,"column":8}},"loc":{"start":{"line":36,"column":13},"end":{"line":58,"column":8}},"line":36},"2":{"name":"logout","decl":{"start":{"line":60,"column":14},"end":{"line":74,"column":8}},"loc":{"start":{"line":60,"column":14},"end":{"line":74,"column":8}},"line":60},"3":{"name":"setTokens","decl":{"start":{"line":76,"column":17},"end":{"line":81,"column":8}},"loc":{"start":{"line":76,"column":17},"end":{"line":81,"column":8}},"line":76},"4":{"name":"clearError","decl":{"start":{"line":83,"column":18},"end":{"line":83,"column":45}},"loc":{"start":{"line":83,"column":18},"end":{"line":83,"column":45}},"line":83},"5":{"name":"partialize","decl":{"start":{"line":87,"column":18},"end":{"line":89,"column":9}},"loc":{"start":{"line":87,"column":18},"end":{"line":89,"column":9}},"line":87}},"f":{"0":5,"1":11,"2":3,"3":1,"4":10,"5":70}}
,"C:\\Users\\I514635\\job-scanner-new\\frontend-react\\src\\store\\jobStore.ts": {"path":"C:\\Users\\I514635\\job-scanner-new\\frontend-react\\src\\store\\jobStore.ts","all":false,"statementMap":{"0":{"start":{"line":1,"column":0},"end":{"line":1,"column":33}},"1":{"start":{"line":2,"column":0},"end":{"line":2,"column":55}},"2":{"start":{"line":3,"column":0},"end":{"line":3,"column":76}},"3":{"start":{"line":4,"column":0},"end":{"line":4,"column":0}},"4":{"start":{"line":5,"column":0},"end":{"line":5,"column":20}},"5":{"start":{"line":6,"column":0},"end":{"line":6,"column":14}},"6":{"start":{"line":7,"column":0},"end":{"line":7,"column":26}},"7":{"start":{"line":8,"column":0},"end":{"line":8,"column":22}},"8":{"start":{"line":9,"column":0},"end":{"line":9,"column":31}},"9":{"start":{"line":10,"column":0},"end":{"line":10,"column":21}},"10":{"start":{"line":11,"column":0},"end":{"line":11,"column":0}},"11":{"start":{"line":12,"column":0},"end":{"line":12,"column":12}},"12":{"start":{"line":13,"column":0},"end":{"line":13,"column":33}},"13":{"start":{"line":14,"column":0},"end":{"line":14,"column":44}},"14":{"start":{"line":15,"column":0},"end":{"line":15,"column":53}},"15":{"start":{"line":16,"column":0},"end":{"line":16,"column":49}},"16":{"start":{"line":17,"column":0},"end":{"line":17,"column":41}},"17":{"start":{"line":18,"column":0},"end":{"line":18,"column":1}},"18":{"start":{"line":19,"column":0},"end":{"line":19,"column":0}},"19":{"start":{"line":20,"column":0},"end":{"line":20,"column":46}},"20":{"start":{"line":21,"column":0},"end":{"line":21,"column":11}},"21":{"start":{"line":22,"column":0},"end":{"line":22,"column":12}},"22":{"start":{"line":23,"column":0},"end":{"line":23,"column":17}},"23":{"start":{"line":24,"column":0},"end":{"line":24,"column":17}},"24":{"start":{"line":25,"column":0},"end":{"line":25,"column":26}},"25":{"start":{"line":26,"column":0},"end":{"line":26,"column":18}},"26":{"start":{"line":27,"column":0},"end":{"line":27,"column":26}},"27":{"start":{"line":28,"column":0},"end":{"line":28,"column":25}},"28":{"start":{"line":29,"column":0},"end":{"line":29,"column":27}},"29":{"start":{"line":30,"column":0},"end":{"line":30,"column":10}},"30":{"start":{"line":31,"column":0},"end":{"line":31,"column":46}},"31":{"start":{"line":32,"column":0},"end":{"line":32,"column":25}},"32":{"start":{"line":33,"column":0},"end":{"line":33,"column":0}},"33":{"start":{"line":34,"column":0},"end":{"line":34,"column":41}},"34":{"start":{"line":35,"column":0},"end":{"line":35,"column":0}},"35":{"start":{"line":36,"column":0},"end":{"line":36,"column":59}},"36":{"start":{"line":37,"column":0},"end":{"line":37,"column":0}},"37":{"start":{"line":38,"column":0},"end":{"line":38,"column":32}},"38":{"start":{"line":39,"column":0},"end":{"line":39,"column":27}},"39":{"start":{"line":40,"column":0},"end":{"line":40,"column":54}},"40":{"start":{"line":41,"column":0},"end":{"line":41,"column":14}},"41":{"start":{"line":42,"column":0},"end":{"line":42,"column":0}},"42":{"start":{"line":43,"column":0},"end":{"line":43,"column":55}},"43":{"start":{"line":44,"column":0},"end":{"line":44,"column":0}},"44":{"start":{"line":45,"column":0},"end":{"line":45,"column":61}},"45":{"start":{"line":46,"column":0},"end":{"line":46,"column":9}},"46":{"start":{"line":47,"column":0},"end":{"line":47,"column":7}},"47":{"start":{"line":48,"column":0},"end":{"line":48,"column":36}},"48":{"start":{"line":49,"column":0},"end":{"line":49,"column":33}},"49":{"start":{"line":50,"column":0},"end":{"line":50,"column":37}},"50":{"start":{"line":51,"column":0},"end":{"line":51,"column":33}},"51":{"start":{"line":52,"column":0},"end":{"line":52,"column":11}},"52":{"start":{"line":53,"column":0},"end":{"line":53,"column":7}},"53":{"start":{"line":54,"column":0},"end":{"line":54,"column":6}},"54":{"start":{"line":55,"column":0},"end":{"line":55,"column":24}},"55":{"start":{"line":56,"column":0},"end":{"line":56,"column":3}},"56":{"start":{"line":57,"column":0},"end":{"line":57,"column":2}}},"s":{"0":1,"1":1,"2":1,"3":1,"4":1,"5":1,"6":1,"7":1,"8":1,"9":1,"10":1,"11":1,"12":1,"13":1,"14":1,"15":1,"16":1,"17":1,"18":1,"19":1,"20":1,"21":1,"22":1,"23":1,"24":1,"25":1,"26":1,"27":1,"28":1,"29":1,"30":1,"31":1,"32":1,"33":1,"34":1,"35":1,"36":1,"37":1,"38":4,"39":4,"40":4,"41":1,"42":1,"43":1,"44":1,"45":1,"46":1,"47":1,"48":1,"49":24,"50":24,"51":24,"52":1,"53":1,"54":1,"55":1,"56":1},"branchMap":{"0":{"type":"branch","line":23,"loc":{"start":{"line":23,"column":6},"end":{"line":46,"column":9}},"locations":[{"start":{"line":23,"column":6},"end":{"line":46,"column":9}}]},"1":{"type":"branch","line":34,"loc":{"start":{"line":34,"column":17},"end":{"line":34,"column":41}},"locations":[{"start":{"line":34,"column":17},"end":{"line":34,"column":41}}]},"2":{"type":"branch","line":36,"loc":{"start":{"line":36,"column":24},"end":{"line":36,"column":59}},"locations":[{"start":{"line":36,"column":24},"end":{"line":36,"column":59}}]},"3":{"type":"branch","line":38,"loc":{"start":{"line":38,"column":20},"end":{"line":41,"column":14}},"locations":[{"start":{"line":38,"column":20},"end":{"line":41,"column":14}}]},"4":{"type":"branch","line":39,"loc":{"start":{"line":39,"column":14},"end":{"line":41,"column":12}},"locations":[{"start":{"line":39,"column":14},"end":{"line":41,"column":12}}]},"5":{"type":"branch","line":43,"loc":{"start":{"line":43,"column":22},"end":{"line":43,"column":55}},"locations":[{"start":{"line":43,"column":22},"end":{"line":43,"column":55}}]},"6":{"type":"branch","line":45,"loc":{"start":{"line":45,"column":20},"end":{"line":45,"column":61}},"locations":[{"start":{"line":45,"column":20},"end":{"line":45,"column":61}}]},"7":{"type":"branch","line":49,"loc":{"start":{"line":49,"column":20},"end":{"line":52,"column":11}},"locations":[{"start":{"line":49,"column":20},"end":{"line":52,"column":11}}]}},"b":{"0":[1],"1":[2],"2":[4],"3":[4],"4":[4],"5":[3],"6":[2],"7":[24]},"fnMap":{"0":{"name":"__vite_ssr_import_0__.create.__vite_ssr_import_1__.devtools.__vite_ssr_import_1__.persist.name","decl":{"start":{"line":23,"column":6},"end":{"line":46,"column":9}},"loc":{"start":{"line":23,"column":6},"end":{"line":46,"column":9}},"line":23},"1":{"name":"setJobs","decl":{"start":{"line":34,"column":17},"end":{"line":34,"column":41}},"loc":{"start":{"line":34,"column":17},"end":{"line":34,"column":41}},"line":34},"2":{"name":"setSelectedJob","decl":{"start":{"line":36,"column":24},"end":{"line":36,"column":59}},"loc":{"start":{"line":36,"column":24},"end":{"line":36,"column":59}},"line":36},"3":{"name":"setFilters","decl":{"start":{"line":38,"column":20},"end":{"line":41,"column":14}},"loc":{"start":{"line":38,"column":20},"end":{"line":41,"column":14}},"line":38},"4":{"name":"setActiveTab","decl":{"start":{"line":43,"column":22},"end":{"line":43,"column":55}},"loc":{"start":{"line":43,"column":22},"end":{"line":43,"column":55}},"line":43},"5":{"name":"setLoading","decl":{"start":{"line":45,"column":20},"end":{"line":45,"column":61}},"loc":{"start":{"line":45,"column":20},"end":{"line":45,"column":61}},"line":45},"6":{"name":"partialize","decl":{"start":{"line":49,"column":20},"end":{"line":52,"column":11}},"loc":{"start":{"line":49,"column":20},"end":{"line":52,"column":11}},"line":49}},"f":{"0":1,"1":2,"2":4,"3":4,"4":3,"5":2,"6":24}}
,"C:\\Users\\I514635\\job-scanner-new\\frontend-react\\src\\store\\scanStore.ts": {"path":"C:\\Users\\I514635\\job-scanner-new\\frontend-react\\src\\store\\scanStore.ts","all":false,"statementMap":{"0":{"start":{"line":1,"column":0},"end":{"line":1,"column":33}},"1":{"start":{"line":2,"column":0},"end":{"line":2,"column":46}},"2":{"start":{"line":3,"column":0},"end":{"line":3,"column":67}},"3":{"start":{"line":4,"column":0},"end":{"line":4,"column":0}},"4":{"start":{"line":5,"column":0},"end":{"line":5,"column":21}},"5":{"start":{"line":6,"column":0},"end":{"line":6,"column":22}},"6":{"start":{"line":7,"column":0},"end":{"line":7,"column":32}},"7":{"start":{"line":8,"column":0},"end":{"line":8,"column":23}},"8":{"start":{"line":9,"column":0},"end":{"line":9,"column":0}},"9":{"start":{"line":10,"column":0},"end":{"line":10,"column":12}},"10":{"start":{"line":11,"column":0},"end":{"line":11,"column":43}},"11":{"start":{"line":12,"column":0},"end":{"line":12,"column":55}},"12":{"start":{"line":13,"column":0},"end":{"line":13,"column":43}},"13":{"start":{"line":14,"column":0},"end":{"line":14,"column":20}},"14":{"start":{"line":15,"column":0},"end":{"line":15,"column":1}},"15":{"start":{"line":16,"column":0},"end":{"line":16,"column":0}},"16":{"start":{"line":17,"column":0},"end":{"line":17,"column":22}},"17":{"start":{"line":18,"column":0},"end":{"line":18,"column":20}},"18":{"start":{"line":19,"column":0},"end":{"line":19,"column":17}},"19":{"start":{"line":20,"column":0},"end":{"line":20,"column":14}},"20":{"start":{"line":21,"column":0},"end":{"line":21,"column":2}},"21":{"start":{"line":22,"column":0},"end":{"line":22,"column":0}},"22":{"start":{"line":23,"column":0},"end":{"line":23,"column":48}},"23":{"start":{"line":24,"column":0},"end":{"line":24,"column":11}},"24":{"start":{"line":25,"column":0},"end":{"line":25,"column":15}},"25":{"start":{"line":26,"column":0},"end":{"line":26,"column":22}},"26":{"start":{"line":27,"column":0},"end":{"line":27,"column":0}},"27":{"start":{"line":28,"column":0},"end":{"line":28,"column":63}},"28":{"start":{"line":29,"column":0},"end":{"line":29,"column":0}},"29":{"start":{"line":30,"column":0},"end":{"line":30,"column":51}},"30":{"start":{"line":31,"column":0},"end":{"line":31,"column":0}},"31":{"start":{"line":32,"column":0},"end":{"line":32,"column":42}},"32":{"start":{"line":33,"column":0},"end":{"line":33,"column":0}},"33":{"start":{"line":34,"column":0},"end":{"line":34,"column":37}},"34":{"start":{"line":35,"column":0},"end":{"line":35,"column":7}},"35":{"start":{"line":36,"column":0},"end":{"line":36,"column":25}},"36":{"start":{"line":37,"column":0},"end":{"line":37,"column":3}},"37":{"start":{"line":38,"column":0},"end":{"line":38,"column":2}}},"s":{"0":1,"1":1,"2":1,"3":1,"4":1,"5":1,"6":1,"7":1,"8":1,"9":1,"10":1,"11":1,"12":1,"13":1,"14":1,"15":1,"16":1,"17":1,"18":1,"19":1,"20":1,"21":1,"22":1,"23":1,"24":1,"25":4,"26":4,"27":4,"28":4,"29":4,"30":4,"31":4,"32":4,"33":4,"34":4,"35":1,"36":1,"37":1},"branchMap":{"0":{"type":"branch","line":25,"loc":{"start":{"line":25,"column":4},"end":{"line":35,"column":7}},"locations":[{"start":{"line":25,"column":4},"end":{"line":35,"column":7}}]},"1":{"type":"branch","line":28,"loc":{"start":{"line":28,"column":19},"end":{"line":28,"column":63}},"locations":[{"start":{"line":28,"column":19},"end":{"line":28,"column":63}}]},"2":{"type":"branch","line":30,"loc":{"start":{"line":30,"column":19},"end":{"line":30,"column":51}},"locations":[{"start":{"line":30,"column":19},"end":{"line":30,"column":51}}]},"3":{"type":"branch","line":32,"loc":{"start":{"line":32,"column":16},"end":{"line":32,"column":42}},"locations":[{"start":{"line":32,"column":16},"end":{"line":32,"column":42}}]},"4":{"type":"branch","line":34,"loc":{"start":{"line":34,"column":13},"end":{"line":34,"column":37}},"locations":[{"start":{"line":34,"column":13},"end":{"line":34,"column":37}}]}},"b":{"0":[4],"1":[18],"2":[18],"3":[11],"4":[31]},"fnMap":{"0":{"name":"__vite_ssr_import_0__.create.__vite_ssr_import_1__.devtools.name","decl":{"start":{"line":25,"column":4},"end":{"line":35,"column":7}},"loc":{"start":{"line":25,"column":4},"end":{"line":35,"column":7}},"line":25},"1":{"name":"setScanning","decl":{"start":{"line":28,"column":19},"end":{"line":28,"column":63}},"loc":{"start":{"line":28,"column":19},"end":{"line":28,"column":63}},"line":28},"2":{"name":"setProgress","decl":{"start":{"line":30,"column":19},"end":{"line":30,"column":51}},"loc":{"start":{"line":30,"column":19},"end":{"line":30,"column":51}},"line":30},"3":{"name":"setError","decl":{"start":{"line":32,"column":16},"end":{"line":32,"column":42}},"loc":{"start":{"line":32,"column":16},"end":{"line":32,"column":42}},"line":32},"4":{"name":"reset","decl":{"start":{"line":34,"column":13},"end":{"line":34,"column":37}},"loc":{"start":{"line":34,"column":13},"end":{"line":34,"column":37}},"line":34}},"f":{"0":4,"1":18,"2":18,"3":11,"4":31}}
}
