TN:
SF:src\App.tsx
FN:1,(empty-report)
FNF:1
FNH:0
FNDA:0,(empty-report)
DA:1,0
DA:2,0
DA:3,0
DA:4,0
DA:5,0
DA:6,0
DA:7,0
DA:8,0
DA:9,0
DA:10,0
DA:11,0
DA:12,0
DA:13,0
DA:14,0
DA:15,0
DA:16,0
DA:17,0
DA:18,0
DA:19,0
DA:20,0
DA:21,0
DA:22,0
DA:23,0
DA:24,0
DA:25,0
DA:26,0
LF:26
LH:0
BRDA:1,0,0,0
BRF:1
BRH:0
end_of_record
TN:
SF:src\api\auth.api.ts
FN:6,login
FN:15,logout
FN:20,refreshToken
FN:29,getCurrentUser
FNF:4
FNH:4
FNDA:12,login
FNDA:4,logout
FNDA:2,refreshToken
FNDA:2,getCurrentUser
DA:1,1
DA:2,1
DA:3,1
DA:4,1
DA:5,1
DA:6,1
DA:7,12
DA:8,10
DA:9,1
DA:10,1
DA:11,7
DA:12,12
DA:13,1
DA:14,1
DA:15,1
DA:16,4
DA:17,4
DA:18,1
DA:19,1
DA:20,1
DA:21,2
DA:22,2
DA:23,1
DA:24,1
DA:25,1
DA:26,2
DA:27,1
DA:28,1
DA:29,1
DA:30,2
DA:31,2
DA:32,2
DA:33,1
LF:33
LH:33
BRDA:6,0,0,12
BRDA:7,1,0,10
BRDA:7,2,0,8
BRDA:8,3,0,1
BRDA:10,4,0,7
BRDA:15,5,0,4
BRDA:16,6,0,3
BRDA:20,7,0,2
BRDA:22,8,0,1
BRDA:29,9,0,2
BRF:10
BRH:10
end_of_record
TN:
SF:src\api\client.ts
FN:5,getApiBaseUrl
FN:42,apiClient.interceptors.response.use.originalRequest
FNF:2
FNH:2
FNDA:7,getApiBaseUrl
FNDA:12,apiClient.interceptors.response.use.originalRequest
DA:1,1
DA:2,1
DA:3,1
DA:4,1
DA:5,1
DA:6,7
DA:7,7
DA:8,7
DA:9,7
DA:10,7
DA:11,0
DA:12,0
DA:13,7
DA:14,7
DA:15,7
DA:16,7
DA:17,1
DA:18,1
DA:19,1
DA:20,1
DA:21,1
DA:22,1
DA:23,1
DA:24,1
DA:25,1
DA:26,1
DA:27,1
DA:28,1
DA:29,22
DA:30,22
DA:31,5
DA:32,5
DA:33,22
DA:34,22
DA:35,1
DA:36,0
DA:37,0
DA:38,1
DA:39,1
DA:40,1
DA:41,1
DA:42,1
DA:43,12
DA:44,12
DA:45,12
DA:46,1
DA:47,10
DA:48,10
DA:49,10
DA:50,10
DA:51,10
DA:52,10
DA:53,3
DA:54,3
DA:55,3
DA:56,1
DA:57,1
DA:58,2
DA:59,2
DA:60,2
DA:61,2
DA:62,2
DA:63,2
DA:64,1
DA:65,3
DA:66,1
DA:67,1
DA:68,1
DA:69,1
DA:70,1
DA:71,1
DA:72,1
DA:73,1
DA:74,1
DA:75,3
DA:76,2
DA:77,2
DA:78,2
DA:79,2
DA:80,2
DA:81,2
DA:82,3
DA:83,7
DA:84,7
DA:85,7
DA:86,7
DA:87,10
DA:88,10
DA:89,10
DA:90,10
DA:91,10
DA:92,10
DA:93,10
DA:94,10
DA:95,1
DA:96,1
DA:97,1
LF:97
LH:93
BRDA:5,0,0,7
BRDA:10,1,0,0
BRDA:15,2,0,0
BRDA:28,3,0,22
BRDA:30,4,0,5
BRDA:30,5,0,5
BRDA:42,6,0,12
BRDA:46,7,0,10
BRDA:51,8,0,6
BRDA:52,9,0,9
BRDA:52,10,0,8
BRDA:52,11,0,8
BRDA:52,12,0,3
BRDA:55,13,0,1
BRDA:57,14,0,2
BRDA:63,15,0,1
BRDA:65,16,0,1
BRDA:75,17,0,2
BRDA:82,18,0,7
BRDA:87,19,0,6
BRDA:87,20,0,6
BRDA:87,21,0,5
BRDA:87,22,0,1
BRDA:88,23,0,6
BRDA:88,24,0,1
BRDA:88,25,0,0
BRDA:89,26,0,6
BRDA:90,27,0,6
BRF:28
BRH:25
end_of_record
TN:
SF:src\api\jobs.api.ts
FN:7,getAllJobs
FN:13,getLatestJobs
FN:19,filterJobs
FN:29,getStatusCounts
FN:35,updateJobStatus
FN:43,exportCSV
FNF:6
FNH:6
FNDA:2,getAllJobs
FNDA:2,getLatestJobs
FNDA:2,filterJobs
FNDA:2,getStatusCounts
FNDA:2,updateJobStatus
FNDA:1,exportCSV
DA:1,1
DA:2,1
DA:3,1
DA:4,1
DA:5,1
DA:6,1
DA:7,1
DA:8,2
DA:9,2
DA:10,2
DA:11,1
DA:12,1
DA:13,1
DA:14,2
DA:15,2
DA:16,2
DA:17,1
DA:18,1
DA:19,1
DA:20,2
DA:21,2
DA:22,2
DA:23,2
DA:24,2
DA:25,2
DA:26,2
DA:27,1
DA:28,1
DA:29,1
DA:30,2
DA:31,2
DA:32,2
DA:33,1
DA:34,1
DA:35,1
DA:36,2
DA:37,2
DA:38,2
DA:39,2
DA:40,2
DA:41,1
DA:42,1
DA:43,1
DA:44,1
DA:45,1
DA:46,1
LF:46
LH:46
BRDA:7,0,0,2
BRDA:9,1,0,1
BRDA:13,2,0,2
BRDA:15,3,0,1
BRDA:19,4,0,2
BRDA:25,5,0,1
BRDA:25,6,0,1
BRDA:29,7,0,2
BRDA:31,8,0,1
BRDA:35,9,0,2
BRDA:43,10,0,1
BRF:11
BRH:11
end_of_record
TN:
SF:src\api\scan.api.ts
FN:7,startScan
FN:16,stopScan
FN:21,getScanStatus
FN:27,getScanProgress
FNF:4
FNH:4
FNDA:2,startScan
FNDA:1,stopScan
FNDA:2,getScanStatus
FNDA:2,getScanProgress
DA:1,1
DA:2,1
DA:3,1
DA:4,1
DA:5,1
DA:6,1
DA:7,1
DA:8,2
DA:9,2
DA:10,1
DA:11,1
DA:12,1
DA:13,2
DA:14,1
DA:15,1
DA:16,1
DA:17,1
DA:18,1
DA:19,1
DA:20,1
DA:21,1
DA:22,2
DA:23,2
DA:24,2
DA:25,1
DA:26,1
DA:27,1
DA:28,2
DA:29,2
DA:30,1
DA:31,1
DA:32,1
DA:33,2
DA:34,1
LF:34
LH:34
BRDA:7,0,0,2
BRDA:9,1,0,1
BRDA:16,2,0,1
BRDA:21,3,0,2
BRDA:27,4,0,2
BRDA:29,5,0,1
BRF:6
BRH:6
end_of_record
TN:
SF:src\components\layout\Header.tsx
FN:4,Header
FNF:1
FNH:1
FNDA:12,Header
DA:1,1
DA:2,1
DA:3,1
DA:4,1
DA:5,12
DA:6,12
DA:7,12
DA:8,12
DA:9,12
DA:10,12
DA:11,12
DA:12,12
DA:13,12
DA:14,12
DA:15,12
DA:16,12
DA:17,12
DA:18,1
DA:19,1
DA:20,1
DA:21,1
DA:22,1
DA:23,12
DA:24,12
DA:25,12
DA:26,12
DA:27,12
DA:28,12
DA:29,12
DA:30,12
DA:31,12
DA:32,12
DA:33,12
DA:34,12
DA:35,12
DA:36,12
DA:37,12
LF:37
LH:37
BRDA:4,0,0,12
BRDA:17,1,0,1
BRF:2
BRH:2
end_of_record
TN:
SF:src\components\layout\Layout.tsx
FN:7,Layout
FNF:1
FNH:1
FNDA:8,Layout
DA:1,1
DA:2,1
DA:3,1
DA:4,1
DA:5,1
DA:6,1
DA:7,1
DA:8,8
DA:9,8
DA:10,8
DA:11,8
DA:12,8
DA:13,8
LF:13
LH:13
BRDA:7,0,0,8
BRF:1
BRH:1
end_of_record
TN:
SF:src\hooks\useJobs.ts
FN:5,useJobs
FN:29,mutationFn
FN:31,onSuccess
FN:50,useFilteredJobs
FN:53,queryFn
FNF:5
FNH:5
FNDA:18,useJobs
FNDA:3,mutationFn
FNDA:3,onSuccess
FNDA:5,useFilteredJobs
FNDA:3,queryFn
DA:1,1
DA:2,1
DA:3,1
DA:4,1
DA:5,1
DA:6,18
DA:7,18
DA:8,18
DA:9,18
DA:10,18
DA:11,18
DA:12,18
DA:13,18
DA:14,18
DA:15,18
DA:16,18
DA:17,18
DA:18,18
DA:19,18
DA:20,18
DA:21,18
DA:22,18
DA:23,18
DA:24,18
DA:25,18
DA:26,18
DA:27,18
DA:28,18
DA:29,18
DA:30,3
DA:31,18
DA:32,3
DA:33,3
DA:34,3
DA:35,3
DA:36,18
DA:37,18
DA:38,18
DA:39,18
DA:40,18
DA:41,18
DA:42,18
DA:43,18
DA:44,18
DA:45,18
DA:46,18
DA:47,18
DA:48,1
DA:49,1
DA:50,1
DA:51,5
DA:52,5
DA:53,5
DA:54,5
DA:55,5
DA:56,5
DA:57,5
LF:57
LH:57
BRDA:5,0,0,18
BRDA:29,1,0,3
BRDA:31,2,0,3
BRDA:50,3,0,5
BRDA:53,4,0,3
BRF:5
BRH:5
end_of_record
TN:
SF:src\hooks\useScan.ts
FN:7,useScan
FN:13,onSuccess
FN:17,onError
FN:26,onSuccess
FN:43,useScanProgress
FNF:5
FNH:5
FNDA:29,useScan
FNDA:4,onSuccess
FNDA:2,onError
FNDA:3,onSuccess
FNDA:40,useScanProgress
DA:1,1
DA:2,1
DA:3,1
DA:4,1
DA:5,1
DA:6,1
DA:7,1
DA:8,29
DA:9,29
DA:10,29
DA:11,29
DA:12,29
DA:13,29
DA:14,4
DA:15,4
DA:16,4
DA:17,29
DA:18,2
DA:19,2
DA:20,2
DA:21,29
DA:22,29
DA:23,29
DA:24,29
DA:25,29
DA:26,29
DA:27,3
DA:28,3
DA:29,3
DA:30,29
DA:31,29
DA:32,29
DA:33,29
DA:34,29
DA:35,29
DA:36,29
DA:37,29
DA:38,29
DA:39,29
DA:40,29
DA:41,1
DA:42,1
DA:43,1
DA:44,40
DA:45,40
DA:46,40
DA:47,40
DA:48,40
DA:49,40
DA:50,40
DA:51,40
DA:52,40
DA:53,40
DA:54,40
DA:55,40
DA:56,26
DA:57,13
DA:58,13
DA:59,13
DA:60,13
DA:61,13
DA:62,11
DA:63,9
DA:64,13
DA:65,5
DA:66,5
DA:67,5
DA:68,2
DA:69,2
DA:70,5
DA:71,13
DA:72,40
DA:73,40
DA:74,40
DA:75,40
DA:76,40
DA:77,40
DA:78,40
LF:78
LH:78
BRDA:7,0,0,29
BRDA:13,1,0,4
BRDA:17,2,0,2
BRDA:18,3,0,0
BRDA:26,4,0,3
BRDA:43,5,0,40
BRDA:51,6,0,33
BRDA:51,7,0,7
BRDA:55,8,0,26
BRDA:56,9,0,13
BRDA:61,10,0,11
BRDA:62,11,0,9
BRDA:64,12,0,5
BRDA:67,13,0,2
BRF:14
BRH:13
end_of_record
TN:
SF:src\pages\JobsPage.tsx
FN:4,JobsPage
FNF:1
FNH:1
FNDA:4,JobsPage
DA:1,1
DA:2,1
DA:3,1
DA:4,1
DA:5,4
DA:6,4
DA:7,4
DA:8,4
DA:9,4
DA:10,4
DA:11,4
DA:12,4
DA:13,4
DA:14,4
DA:15,4
DA:16,4
DA:17,4
DA:18,4
DA:19,4
DA:20,4
DA:21,4
LF:21
LH:21
BRDA:4,0,0,4
BRF:1
BRH:1
end_of_record
TN:
SF:src\pages\LoginPage.tsx
FN:6,LoginPage
FN:13,handleSubmit
FN:51,onChange
FN:67,onChange
FNF:4
FNH:4
FNDA:181,LoginPage
FNDA:9,handleSubmit
FNDA:46,onChange
FNDA:104,onChange
DA:1,1
DA:2,1
DA:3,1
DA:4,1
DA:5,1
DA:6,1
DA:7,181
DA:8,181
DA:9,181
DA:10,181
DA:11,181
DA:12,181
DA:13,181
DA:14,9
DA:15,9
DA:16,9
DA:17,9
DA:18,9
DA:19,6
DA:20,8
DA:21,3
DA:22,3
DA:23,9
DA:24,181
DA:25,181
DA:26,181
DA:27,181
DA:28,181
DA:29,181
DA:30,181
DA:31,181
DA:32,181
DA:33,181
DA:34,181
DA:35,181
DA:36,181
DA:37,181
DA:38,22
DA:39,22
DA:40,22
DA:41,181
DA:42,181
DA:43,181
DA:44,181
DA:45,181
DA:46,181
DA:47,181
DA:48,181
DA:49,181
DA:50,181
DA:51,181
DA:52,181
DA:53,181
DA:54,181
DA:55,181
DA:56,181
DA:57,181
DA:58,181
DA:59,181
DA:60,181
DA:61,181
DA:62,181
DA:63,181
DA:64,181
DA:65,181
DA:66,181
DA:67,181
DA:68,181
DA:69,181
DA:70,181
DA:71,181
DA:72,181
DA:73,181
DA:74,181
DA:75,181
DA:76,181
DA:77,181
DA:78,181
DA:79,181
DA:80,181
DA:81,181
DA:82,181
DA:83,181
DA:84,181
DA:85,181
DA:86,181
DA:87,181
DA:88,181
DA:89,181
DA:90,181
DA:91,181
DA:92,181
LF:92
LH:92
BRDA:6,0,0,181
BRDA:37,1,0,22
BRDA:79,2,0,9
BRDA:79,3,0,170
BRDA:13,4,0,9
BRDA:18,5,0,8
BRDA:18,6,0,6
BRDA:20,7,0,3
BRDA:51,8,0,46
BRDA:67,9,0,104
BRF:10
BRH:10
end_of_record
TN:
SF:src\store\authStore.ts
FN:29,__vite_ssr_import_0__.create.__vite_ssr_import_1__.persist.name
FN:36,login
FN:60,logout
FN:76,setTokens
FN:83,clearError
FN:87,partialize
FNF:6
FNH:6
FNDA:5,__vite_ssr_import_0__.create.__vite_ssr_import_1__.persist.name
FNDA:11,login
FNDA:3,logout
FNDA:1,setTokens
FNDA:10,clearError
FNDA:70,partialize
DA:1,1
DA:2,1
DA:3,1
DA:4,1
DA:5,1
DA:6,1
DA:7,1
DA:8,1
DA:9,1
DA:10,1
DA:11,1
DA:12,1
DA:13,1
DA:14,1
DA:15,1
DA:16,1
DA:17,1
DA:18,1
DA:19,1
DA:20,1
DA:21,1
DA:22,1
DA:23,1
DA:24,1
DA:25,1
DA:26,1
DA:27,1
DA:28,1
DA:29,1
DA:30,5
DA:31,5
DA:32,5
DA:33,5
DA:34,5
DA:35,5
DA:36,5
DA:37,11
DA:38,11
DA:39,11
DA:40,7
DA:41,7
DA:42,7
DA:43,7
DA:44,7
DA:45,7
DA:46,7
DA:47,7
DA:48,7
DA:49,7
DA:50,7
DA:51,9
DA:52,4
DA:53,4
DA:54,4
DA:55,4
DA:56,4
DA:57,4
DA:58,11
DA:59,5
DA:60,5
DA:61,3
DA:62,3
DA:63,3
DA:64,3
DA:65,0
DA:66,3
DA:67,3
DA:68,3
DA:69,3
DA:70,3
DA:71,3
DA:72,3
DA:73,3
DA:74,3
DA:75,5
DA:76,5
DA:77,1
DA:78,1
DA:79,1
DA:80,1
DA:81,1
DA:82,5
DA:83,5
DA:84,5
DA:85,1
DA:86,1
DA:87,1
DA:88,70
DA:89,70
DA:90,1
DA:91,1
DA:92,1
LF:92
LH:91
BRDA:29,0,0,5
BRDA:36,1,0,11
BRDA:39,2,0,9
BRDA:39,3,0,7
BRDA:51,4,0,4
BRDA:53,5,0,0
BRDA:60,6,0,3
BRDA:76,7,0,1
BRDA:83,8,0,10
BRDA:87,9,0,70
BRF:10
BRH:9
end_of_record
TN:
SF:src\store\jobStore.ts
FN:23,__vite_ssr_import_0__.create.__vite_ssr_import_1__.devtools.__vite_ssr_import_1__.persist.name
FN:34,setJobs
FN:36,setSelectedJob
FN:38,setFilters
FN:43,setActiveTab
FN:45,setLoading
FN:49,partialize
FNF:7
FNH:7
FNDA:1,__vite_ssr_import_0__.create.__vite_ssr_import_1__.devtools.__vite_ssr_import_1__.persist.name
FNDA:2,setJobs
FNDA:4,setSelectedJob
FNDA:4,setFilters
FNDA:3,setActiveTab
FNDA:2,setLoading
FNDA:24,partialize
DA:1,1
DA:2,1
DA:3,1
DA:4,1
DA:5,1
DA:6,1
DA:7,1
DA:8,1
DA:9,1
DA:10,1
DA:11,1
DA:12,1
DA:13,1
DA:14,1
DA:15,1
DA:16,1
DA:17,1
DA:18,1
DA:19,1
DA:20,1
DA:21,1
DA:22,1
DA:23,1
DA:24,1
DA:25,1
DA:26,1
DA:27,1
DA:28,1
DA:29,1
DA:30,1
DA:31,1
DA:32,1
DA:33,1
DA:34,1
DA:35,1
DA:36,1
DA:37,1
DA:38,1
DA:39,4
DA:40,4
DA:41,4
DA:42,1
DA:43,1
DA:44,1
DA:45,1
DA:46,1
DA:47,1
DA:48,1
DA:49,1
DA:50,24
DA:51,24
DA:52,24
DA:53,1
DA:54,1
DA:55,1
DA:56,1
DA:57,1
LF:57
LH:57
BRDA:23,0,0,1
BRDA:34,1,0,2
BRDA:36,2,0,4
BRDA:38,3,0,4
BRDA:39,4,0,4
BRDA:43,5,0,3
BRDA:45,6,0,2
BRDA:49,7,0,24
BRF:8
BRH:8
end_of_record
TN:
SF:src\store\scanStore.ts
FN:25,__vite_ssr_import_0__.create.__vite_ssr_import_1__.devtools.name
FN:28,setScanning
FN:30,setProgress
FN:32,setError
FN:34,reset
FNF:5
FNH:5
FNDA:4,__vite_ssr_import_0__.create.__vite_ssr_import_1__.devtools.name
FNDA:18,setScanning
FNDA:18,setProgress
FNDA:11,setError
FNDA:31,reset
DA:1,1
DA:2,1
DA:3,1
DA:4,1
DA:5,1
DA:6,1
DA:7,1
DA:8,1
DA:9,1
DA:10,1
DA:11,1
DA:12,1
DA:13,1
DA:14,1
DA:15,1
DA:16,1
DA:17,1
DA:18,1
DA:19,1
DA:20,1
DA:21,1
DA:22,1
DA:23,1
DA:24,1
DA:25,1
DA:26,4
DA:27,4
DA:28,4
DA:29,4
DA:30,4
DA:31,4
DA:32,4
DA:33,4
DA:34,4
DA:35,4
DA:36,1
DA:37,1
DA:38,1
LF:38
LH:38
BRDA:25,0,0,4
BRDA:28,1,0,18
BRDA:30,2,0,18
BRDA:32,3,0,11
BRDA:34,4,0,31
BRF:5
BRH:5
end_of_record
